{"name": "202301090616", "code": "005380", "model": "LSTMDNN", "mode": "train", "start_date": "20180601", "end_date": "20221220", "lr": 1e-05, "n_steps": 10, "balance": 100000000}
[005380][Epoch 1/20000] #Buy:343 #Sell:348 #Hold:345 #Stocks:-26 PV:99,883,056 profitloss:-0.001169
[005380][Epoch 2/20000] #Buy:307 #Sell:353 #Hold:376 #Stocks:-426 PV:128,065,295 profitloss:0.280653
[005380][Epoch 3/20000] #Buy:329 #Sell:350 #Hold:357 #Stocks:-234 PV:117,144,086 profitloss:0.171441
[005380][Epoch 4/20000] #Buy:333 #Sell:354 #Hold:349 #Stocks:-193 PV:92,615,950 profitloss:-0.073840
[005380][Epoch 5/20000] #Buy:329 #Sell:346 #Hold:361 #Stocks:-249 PV:117,280,610 profitloss:0.172806
[005380][Epoch 6/20000] #Buy:340 #Sell:348 #Hold:348 #Stocks:-19 PV:98,360,035 profitloss:-0.016400
[005380][Epoch 7/20000] #Buy:361 #Sell:344 #Hold:331 #Stocks:72 PV:93,162,710 profitloss:-0.068373
[005380][Epoch 8/20000] #Buy:339 #Sell:328 #Hold:369 #Stocks:220 PV:116,955,609 profitloss:0.169556
[005380][Epoch 9/20000] #Buy:334 #Sell:342 #Hold:360 #Stocks:-115 PV:103,748,594 profitloss:0.037486
[005380][Epoch 10/20000] #Buy:335 #Sell:337 #Hold:364 #Stocks:7 PV:96,402,026 profitloss:-0.035980
[005380][Epoch 11/20000] #Buy:341 #Sell:346 #Hold:349 #Stocks:-18 PV:85,868,266 profitloss:-0.141317
[005380][Epoch 12/20000] #Buy:328 #Sell:341 #Hold:367 #Stocks:-87 PV:98,861,954 profitloss:-0.011380
[005380][Epoch 13/20000] #Buy:334 #Sell:344 #Hold:358 #Stocks:-118 PV:105,439,492 profitloss:0.054395
[005380][Epoch 14/20000] #Buy:327 #Sell:341 #Hold:368 #Stocks:-204 PV:104,509,057 profitloss:0.045091
[005380][Epoch 15/20000] #Buy:358 #Sell:330 #Hold:348 #Stocks:349 PV:114,294,331 profitloss:0.142943
[005380][Epoch 16/20000] #Buy:332 #Sell:343 #Hold:361 #Stocks:-160 PV:114,418,512 profitloss:0.144185
[005380][Epoch 17/20000] #Buy:319 #Sell:346 #Hold:371 #Stocks:-298 PV:84,345,544 profitloss:-0.156545
[005380][Epoch 18/20000] #Buy:301 #Sell:325 #Hold:410 #Stocks:-302 PV:103,860,094 profitloss:0.038601
[005380][Epoch 19/20000] #Buy:330 #Sell:335 #Hold:371 #Stocks:-71 PV:82,894,351 profitloss:-0.171056
[005380][Epoch 20/20000] #Buy:327 #Sell:329 #Hold:380 #Stocks:-139 PV:84,627,524 profitloss:-0.153725
[005380][Epoch 21/20000] #Buy:297 #Sell:355 #Hold:384 #Stocks:-574 PV:134,097,905 profitloss:0.340979
[005380][Epoch 22/20000] #Buy:314 #Sell:368 #Hold:354 #Stocks:-600 PV:141,508,547 profitloss:0.415085
[005380][Epoch 23/20000] #Buy:335 #Sell:355 #Hold:346 #Stocks:-275 PV:104,327,727 profitloss:0.043277
[005380][Epoch 24/20000] #Buy:319 #Sell:321 #Hold:396 #Stocks:-121 PV:96,577,710 profitloss:-0.034223
[005380][Epoch 25/20000] #Buy:317 #Sell:364 #Hold:355 #Stocks:-436 PV:116,950,241 profitloss:0.169502
[005380][Epoch 26/20000] #Buy:318 #Sell:325 #Hold:393 #Stocks:-150 PV:103,225,505 profitloss:0.032255
[005380][Epoch 27/20000] #Buy:305 #Sell:353 #Hold:358 #Stocks:-558 PV:122,919,403 profitloss:0.229194
[005380][Epoch 28/20000] #Buy:325 #Sell:363 #Hold:348 #Stocks:-438 PV:127,243,977 profitloss:0.272440
[005380][Epoch 29/20000] #Buy:314 #Sell:335 #Hold:387 #Stocks:-258 PV:93,524,832 profitloss:-0.064752
[005380][Epoch 30/20000] #Buy:312 #Sell:347 #Hold:377 #Stocks:-353 PV:117,389,725 profitloss:0.173897
[005380][Epoch 31/20000] #Buy:308 #Sell:338 #Hold:390 #Stocks:-252 PV:100,320,424 profitloss:0.003204
[005380][Epoch 32/20000] #Buy:326 #Sell:328 #Hold:382 #Stocks:-154 PV:110,529,304 profitloss:0.105293
[005380][Epoch 33/20000] #Buy:125 #Sell:181 #Hold:250 #Stocks:-690 PV:6,413,772 profitloss:-0.935862
[005380][Epoch 34/20000] #Buy:123 #Sell:182 #Hold:251 #Stocks:-682 PV:7,976,998 profitloss:-0.920230
[005380][Epoch 35/20000] #Buy:268 #Sell:303 #Hold:465 #Stocks:-509 PV:119,244,065 profitloss:0.192441
[005380][Epoch 36/20000] #Buy:263 #Sell:304 #Hold:469 #Stocks:-578 PV:124,146,731 profitloss:0.241467
[005380][Epoch 37/20000] #Buy:255 #Sell:306 #Hold:471 #Stocks:-588 PV:125,860,616 profitloss:0.258606
[005380][Epoch 38/20000] #Buy:254 #Sell:300 #Hold:478 #Stocks:-618 PV:125,763,367 profitloss:0.257634
[005380][Epoch 39/20000] #Buy:244 #Sell:275 #Hold:517 #Stocks:-345 PV:107,152,147 profitloss:0.071521
[005380][Epoch 40/20000] #Buy:268 #Sell:294 #Hold:474 #Stocks:-438 PV:106,707,245 profitloss:0.067072
[005380][Epoch 41/20000] #Buy:266 #Sell:299 #Hold:471 #Stocks:-382 PV:104,025,967 profitloss:0.040260
[005380][Epoch 42/20000] #Buy:233 #Sell:294 #Hold:495 #Stocks:-632 PV:125,466,381 profitloss:0.254664
[005380][Epoch 43/20000] #Buy:250 #Sell:302 #Hold:481 #Stocks:-727 PV:136,506,819 profitloss:0.365068
[005380][Epoch 44/20000] #Buy:259 #Sell:313 #Hold:444 #Stocks:-645 PV:123,856,401 profitloss:0.238564
[005380][Epoch 45/20000] #Buy:239 #Sell:296 #Hold:485 #Stocks:-672 PV:121,863,167 profitloss:0.218632
[005380][Epoch 46/20000] #Buy:253 #Sell:297 #Hold:486 #Stocks:-496 PV:111,303,414 profitloss:0.113034
[005380][Epoch 47/20000] #Buy:250 #Sell:307 #Hold:477 #Stocks:-606 PV:125,549,011 profitloss:0.255490
[005380][Epoch 48/20000] #Buy:237 #Sell:297 #Hold:492 #Stocks:-581 PV:119,718,433 profitloss:0.197184
[005380][Epoch 49/20000] #Buy:197 #Sell:255 #Hold:578 #Stocks:-689 PV:129,826,122 profitloss:0.298261
[005380][Epoch 50/20000] #Buy:219 #Sell:260 #Hold:557 #Stocks:-628 PV:130,991,103 profitloss:0.309911
[005380][Epoch 51/20000] #Buy:158 #Sell:218 #Hold:660 #Stocks:-461 PV:110,894,961 profitloss:0.108950
[005380][Epoch 52/20000] #Buy:157 #Sell:222 #Hold:657 #Stocks:-584 PV:111,974,780 profitloss:0.119748
[005380][Epoch 53/20000] #Buy:160 #Sell:233 #Hold:643 #Stocks:-698 PV:115,022,734 profitloss:0.150227
[005380][Epoch 54/20000] #Buy:146 #Sell:220 #Hold:664 #Stocks:-678 PV:108,791,304 profitloss:0.087913
[005380][Epoch 55/20000] #Buy:150 #Sell:217 #Hold:669 #Stocks:-610 PV:107,541,452 profitloss:0.075415
[005380][Epoch 56/20000] #Buy:153 #Sell:231 #Hold:648 #Stocks:-719 PV:110,329,406 profitloss:0.103294
[005380][Epoch 57/20000] #Buy:157 #Sell:221 #Hold:658 #Stocks:-606 PV:108,844,315 profitloss:0.088443
[005380][Epoch 58/20000] #Buy:162 #Sell:229 #Hold:643 #Stocks:-616 PV:111,565,676 profitloss:0.115657
[005380][Epoch 59/20000] #Buy:163 #Sell:216 #Hold:657 #Stocks:-537 PV:111,377,431 profitloss:0.113774
[005380][Epoch 60/20000] #Buy:153 #Sell:225 #Hold:654 #Stocks:-631 PV:103,314,455 profitloss:0.033145
[005380][Epoch 61/20000] #Buy:151 #Sell:228 #Hold:655 #Stocks:-640 PV:103,818,332 profitloss:0.038183
[005380][Epoch 62/20000] #Buy:175 #Sell:215 #Hold:646 #Stocks:-430 PV:116,873,934 profitloss:0.168739
[005380][Epoch 63/20000] #Buy:168 #Sell:220 #Hold:648 #Stocks:-460 PV:113,590,378 profitloss:0.135904
[005380][Epoch 64/20000] #Buy:158 #Sell:219 #Hold:659 #Stocks:-574 PV:112,992,788 profitloss:0.129928
[005380][Epoch 65/20000] #Buy:158 #Sell:225 #Hold:653 #Stocks:-600 PV:109,975,083 profitloss:0.099751
[005380][Epoch 66/20000] #Buy:154 #Sell:223 #Hold:659 #Stocks:-616 PV:108,890,248 profitloss:0.088902
[005380][Epoch 67/20000] #Buy:44 #Sell:87 #Hold:905 #Stocks:-297 PV:94,889,447 profitloss:-0.051106
[005380][Epoch 68/20000] #Buy:44 #Sell:73 #Hold:919 #Stocks:-213 PV:98,575,415 profitloss:-0.014246
[005380][Epoch 69/20000] #Buy:52 #Sell:69 #Hold:915 #Stocks:-173 PV:97,798,966 profitloss:-0.022010
[005380][Epoch 70/20000] #Buy:47 #Sell:80 #Hold:909 #Stocks:-193 PV:100,710,550 profitloss:0.007106
[005380][Epoch 71/20000] #Buy:50 #Sell:77 #Hold:909 #Stocks:-238 PV:94,164,264 profitloss:-0.058357
[005380][Epoch 72/20000] #Buy:37 #Sell:74 #Hold:925 #Stocks:-228 PV:95,059,119 profitloss:-0.049409
[005380][Epoch 73/20000] #Buy:36 #Sell:81 #Hold:919 #Stocks:-262 PV:95,238,548 profitloss:-0.047615
[005380][Epoch 74/20000] #Buy:39 #Sell:99 #Hold:898 #Stocks:-356 PV:95,508,461 profitloss:-0.044915
[005380][Epoch 75/20000] #Buy:48 #Sell:82 #Hold:906 #Stocks:-240 PV:96,544,305 profitloss:-0.034557
[005380][Epoch 76/20000] #Buy:35 #Sell:86 #Hold:915 #Stocks:-308 PV:92,371,574 profitloss:-0.076284
[005380][Epoch 77/20000] #Buy:36 #Sell:73 #Hold:927 #Stocks:-262 PV:94,651,656 profitloss:-0.053483
[005380][Epoch 78/20000] #Buy:32 #Sell:83 #Hold:921 #Stocks:-347 PV:90,927,026 profitloss:-0.090730
[005380][Epoch 79/20000] #Buy:34 #Sell:77 #Hold:925 #Stocks:-261 PV:94,322,909 profitloss:-0.056771
[005380][Epoch 80/20000] #Buy:44 #Sell:81 #Hold:911 #Stocks:-182 PV:100,044,206 profitloss:0.000442
[005380][Epoch 81/20000] #Buy:51 #Sell:70 #Hold:915 #Stocks:-125 PV:99,763,666 profitloss:-0.002363
[005380][Epoch 82/20000] #Buy:37 #Sell:73 #Hold:926 #Stocks:-212 PV:94,233,987 profitloss:-0.057660
[005380][Epoch 83/20000] #Buy:34 #Sell:47 #Hold:955 #Stocks:-112 PV:106,044,863 profitloss:0.060449
[005380][Epoch 84/20000] #Buy:29 #Sell:34 #Hold:973 #Stocks:31 PV:103,657,213 profitloss:0.036572
[005380][Epoch 85/20000] #Buy:29 #Sell:40 #Hold:967 #Stocks:-64 PV:99,720,916 profitloss:-0.002791
[005380][Epoch 86/20000] #Buy:28 #Sell:51 #Hold:957 #Stocks:-115 PV:103,429,218 profitloss:0.034292
[005380][Epoch 87/20000] #Buy:38 #Sell:49 #Hold:949 #Stocks:-50 PV:102,765,910 profitloss:0.027659
[005380][Epoch 88/20000] #Buy:36 #Sell:41 #Hold:959 #Stocks:-8 PV:94,363,316 profitloss:-0.056367
[005380][Epoch 89/20000] #Buy:30 #Sell:52 #Hold:954 #Stocks:-113 PV:101,778,559 profitloss:0.017786
[005380][Epoch 90/20000] #Buy:29 #Sell:35 #Hold:972 #Stocks:-39 PV:100,769,997 profitloss:0.007700
[005380][Epoch 91/20000] #Buy:35 #Sell:45 #Hold:956 #Stocks:-48 PV:100,833,049 profitloss:0.008330
[005380][Epoch 92/20000] #Buy:38 #Sell:45 #Hold:953 #Stocks:-27 PV:99,797,231 profitloss:-0.002028
[005380][Epoch 93/20000] #Buy:34 #Sell:44 #Hold:958 #Stocks:-47 PV:102,768,001 profitloss:0.027680
[005380][Epoch 94/20000] #Buy:31 #Sell:39 #Hold:966 #Stocks:-41 PV:102,191,117 profitloss:0.021911
[005380][Epoch 95/20000] #Buy:30 #Sell:40 #Hold:966 #Stocks:-24 PV:98,770,321 profitloss:-0.012297
[005380][Epoch 96/20000] #Buy:33 #Sell:46 #Hold:957 #Stocks:-90 PV:104,348,201 profitloss:0.043482
[005380][Epoch 97/20000] #Buy:39 #Sell:35 #Hold:962 #Stocks:10 PV:93,046,454 profitloss:-0.069535
[005380][Epoch 98/20000] #Buy:40 #Sell:39 #Hold:957 #Stocks:38 PV:95,897,220 profitloss:-0.041028
[005380][Epoch 99/20000] #Buy:58 #Sell:60 #Hold:918 #Stocks:-19 PV:91,898,834 profitloss:-0.081012
[005380][Epoch 100/20000] #Buy:57 #Sell:68 #Hold:911 #Stocks:-113 PV:102,748,723 profitloss:0.027487
[005380][Epoch 101/20000] #Buy:54 #Sell:77 #Hold:905 #Stocks:-154 PV:102,747,680 profitloss:0.027477
[005380][Epoch 102/20000] #Buy:60 #Sell:79 #Hold:897 #Stocks:-130 PV:106,760,012 profitloss:0.067600
[005380][Epoch 103/20000] #Buy:58 #Sell:61 #Hold:917 #Stocks:-8 PV:89,127,732 profitloss:-0.108723
[005380][Epoch 104/20000] #Buy:64 #Sell:66 #Hold:906 #Stocks:11 PV:92,551,393 profitloss:-0.074486
[005380][Epoch 105/20000] #Buy:55 #Sell:66 #Hold:915 #Stocks:-38 PV:96,140,040 profitloss:-0.038600
[005380][Epoch 106/20000] #Buy:60 #Sell:86 #Hold:890 #Stocks:-139 PV:106,931,973 profitloss:0.069320
[005380][Epoch 107/20000] #Buy:51 #Sell:66 #Hold:919 #Stocks:-78 PV:101,893,268 profitloss:0.018933
[005380][Epoch 108/20000] #Buy:59 #Sell:59 #Hold:918 #Stocks:40 PV:98,649,918 profitloss:-0.013501
[005380][Epoch 109/20000] #Buy:56 #Sell:68 #Hold:912 #Stocks:-63 PV:102,972,111 profitloss:0.029721
[005380][Epoch 110/20000] #Buy:57 #Sell:66 #Hold:913 #Stocks:24 PV:105,090,338 profitloss:0.050903
[005380][Epoch 111/20000] #Buy:63 #Sell:63 #Hold:910 #Stocks:-39 PV:110,113,901 profitloss:0.101139
[005380][Epoch 112/20000] #Buy:62 #Sell:57 #Hold:917 #Stocks:86 PV:98,942,038 profitloss:-0.010580
[005380][Epoch 113/20000] #Buy:77 #Sell:56 #Hold:903 #Stocks:245 PV:111,100,187 profitloss:0.111002
[005380][Epoch 114/20000] #Buy:63 #Sell:60 #Hold:913 #Stocks:45 PV:95,348,904 profitloss:-0.046511
[005380][Epoch 115/20000] #Buy:58 #Sell:62 #Hold:916 #Stocks:19 PV:95,616,431 profitloss:-0.043836
[005380][Epoch 116/20000] #Buy:60 #Sell:61 #Hold:915 #Stocks:72 PV:98,244,119 profitloss:-0.017559
[005380][Epoch 117/20000] #Buy:73 #Sell:54 #Hold:909 #Stocks:261 PV:113,370,151 profitloss:0.133702
[005380][Epoch 118/20000] #Buy:77 #Sell:47 #Hold:912 #Stocks:268 PV:101,555,682 profitloss:0.015557
[005380][Epoch 119/20000] #Buy:50 #Sell:61 #Hold:925 #Stocks:-119 PV:107,081,279 profitloss:0.070813
[005380][Epoch 120/20000] #Buy:69 #Sell:54 #Hold:913 #Stocks:231 PV:107,715,253 profitloss:0.077153
[005380][Epoch 121/20000] #Buy:64 #Sell:44 #Hold:928 #Stocks:210 PV:103,750,136 profitloss:0.037501
[005380][Epoch 122/20000] #Buy:63 #Sell:53 #Hold:920 #Stocks:176 PV:104,954,874 profitloss:0.049549
[005380][Epoch 123/20000] #Buy:60 #Sell:49 #Hold:927 #Stocks:160 PV:97,923,539 profitloss:-0.020765
[005380][Epoch 124/20000] #Buy:68 #Sell:51 #Hold:917 #Stocks:191 PV:105,156,502 profitloss:0.051565
[005380][Epoch 125/20000] #Buy:49 #Sell:62 #Hold:925 #Stocks:-56 PV:101,054,449 profitloss:0.010544
[005380][Epoch 126/20000] #Buy:50 #Sell:61 #Hold:925 #Stocks:-11 PV:97,008,115 profitloss:-0.029919
[005380][Epoch 127/20000] #Buy:65 #Sell:51 #Hold:920 #Stocks:198 PV:106,595,279 profitloss:0.065953
[005380][Epoch 128/20000] #Buy:71 #Sell:53 #Hold:912 #Stocks:202 PV:101,726,487 profitloss:0.017265
[005380][Epoch 129/20000] #Buy:53 #Sell:53 #Hold:930 #Stocks:66 PV:101,323,972 profitloss:0.013240
[005380][Epoch 130/20000] #Buy:57 #Sell:59 #Hold:920 #Stocks:22 PV:94,597,648 profitloss:-0.054024
[005380][Epoch 131/20000] #Buy:60 #Sell:73 #Hold:903 #Stocks:-119 PV:102,946,714 profitloss:0.029467
[005380][Epoch 132/20000] #Buy:65 #Sell:77 #Hold:894 #Stocks:-116 PV:105,113,249 profitloss:0.051132
[005380][Epoch 133/20000] #Buy:66 #Sell:76 #Hold:894 #Stocks:11 PV:98,559,655 profitloss:-0.014403
[005380][Epoch 134/20000] #Buy:69 #Sell:60 #Hold:907 #Stocks:58 PV:92,177,539 profitloss:-0.078225
[005380][Epoch 135/20000] #Buy:81 #Sell:84 #Hold:871 #Stocks:-44 PV:106,884,947 profitloss:0.068849
[005380][Epoch 136/20000] #Buy:84 #Sell:60 #Hold:892 #Stocks:251 PV:106,828,234 profitloss:0.068282
[005380][Epoch 137/20000] #Buy:88 #Sell:76 #Hold:872 #Stocks:112 PV:92,410,467 profitloss:-0.075895
[005380][Epoch 138/20000] #Buy:86 #Sell:82 #Hold:868 #Stocks:94 PV:102,315,737 profitloss:0.023157
[005380][Epoch 139/20000] #Buy:81 #Sell:76 #Hold:879 #Stocks:82 PV:92,015,178 profitloss:-0.079848
[005380][Epoch 140/20000] #Buy:97 #Sell:74 #Hold:865 #Stocks:260 PV:107,219,704 profitloss:0.072197
[005380][Epoch 141/20000] #Buy:93 #Sell:72 #Hold:871 #Stocks:256 PV:108,305,544 profitloss:0.083055
[005380][Epoch 142/20000] #Buy:92 #Sell:77 #Hold:867 #Stocks:117 PV:85,202,642 profitloss:-0.147974
[005380][Epoch 143/20000] #Buy:106 #Sell:80 #Hold:850 #Stocks:313 PV:110,338,131 profitloss:0.103381
[005380][Epoch 144/20000] #Buy:84 #Sell:88 #Hold:864 #Stocks:-2 PV:107,366,818 profitloss:0.073668
[005380][Epoch 145/20000] #Buy:74 #Sell:82 #Hold:880 #Stocks:-76 PV:108,117,244 profitloss:0.081172
[005380][Epoch 146/20000] #Buy:102 #Sell:80 #Hold:854 #Stocks:219 PV:106,001,010 profitloss:0.060010
[005380][Epoch 147/20000] #Buy:123 #Sell:114 #Hold:799 #Stocks:211 PV:106,991,305 profitloss:0.069913
[005380][Epoch 148/20000] #Buy:103 #Sell:119 #Hold:814 #Stocks:-120 PV:111,195,352 profitloss:0.111954
[005380][Epoch 149/20000] #Buy:103 #Sell:117 #Hold:816 #Stocks:-73 PV:104,359,052 profitloss:0.043591
[005380][Epoch 150/20000] #Buy:105 #Sell:111 #Hold:820 #Stocks:74 PV:103,142,860 profitloss:0.031429
[005380][Epoch 151/20000] #Buy:132 #Sell:123 #Hold:781 #Stocks:229 PV:110,797,208 profitloss:0.107972
[005380][Epoch 152/20000] #Buy:139 #Sell:118 #Hold:779 #Stocks:221 PV:106,333,449 profitloss:0.063334
[005380][Epoch 153/20000] #Buy:142 #Sell:123 #Hold:771 #Stocks:197 PV:94,992,419 profitloss:-0.050076
[005380][Epoch 154/20000] #Buy:128 #Sell:115 #Hold:793 #Stocks:158 PV:104,826,663 profitloss:0.048267
[005380][Epoch 155/20000] #Buy:139 #Sell:110 #Hold:787 #Stocks:307 PV:109,455,006 profitloss:0.094550
[005380][Epoch 156/20000] #Buy:159 #Sell:116 #Hold:761 #Stocks:325 PV:101,020,497 profitloss:0.010205
[005380][Epoch 157/20000] #Buy:150 #Sell:140 #Hold:746 #Stocks:118 PV:98,110,560 profitloss:-0.018894
[005380][Epoch 158/20000] #Buy:144 #Sell:145 #Hold:747 #Stocks:42 PV:98,766,185 profitloss:-0.012338
[005380][Epoch 159/20000] #Buy:150 #Sell:145 #Hold:741 #Stocks:119 PV:105,511,820 profitloss:0.055118
[005380][Epoch 160/20000] #Buy:147 #Sell:136 #Hold:753 #Stocks:115 PV:97,773,783 profitloss:-0.022262
[005380][Epoch 161/20000] #Buy:144 #Sell:129 #Hold:763 #Stocks:163 PV:94,438,632 profitloss:-0.055614
[005380][Epoch 162/20000] #Buy:124 #Sell:138 #Hold:774 #Stocks:-59 PV:102,148,140 profitloss:0.021481
[005380][Epoch 163/20000] #Buy:261 #Sell:237 #Hold:538 #Stocks:294 PV:89,042,668 profitloss:-0.109573
[005380][Epoch 164/20000] #Buy:265 #Sell:241 #Hold:530 #Stocks:298 PV:88,178,363 profitloss:-0.118216
[005380][Epoch 165/20000] #Buy:264 #Sell:222 #Hold:550 #Stocks:493 PV:108,942,838 profitloss:0.089428
[005380][Epoch 166/20000] #Buy:277 #Sell:204 #Hold:555 #Stocks:606 PV:98,730,169 profitloss:-0.012698
[005380][Epoch 167/20000] #Buy:278 #Sell:263 #Hold:495 #Stocks:303 PV:108,392,821 profitloss:0.083928
[005380][Epoch 168/20000] #Buy:266 #Sell:267 #Hold:503 #Stocks:275 PV:119,805,416 profitloss:0.198054
[005380][Epoch 169/20000] #Buy:290 #Sell:258 #Hold:488 #Stocks:502 PV:120,309,120 profitloss:0.203091
[005380][Epoch 170/20000] #Buy:276 #Sell:239 #Hold:521 #Stocks:475 PV:106,308,443 profitloss:0.063084
[005380][Epoch 171/20000] #Buy:287 #Sell:223 #Hold:526 #Stocks:683 PV:116,204,105 profitloss:0.162041
[005380][Epoch 172/20000] #Buy:268 #Sell:280 #Hold:488 #Stocks:195 PV:114,538,624 profitloss:0.145386
[005380][Epoch 173/20000] #Buy:288 #Sell:255 #Hold:493 #Stocks:401 PV:93,137,330 profitloss:-0.068627
[005380][Epoch 174/20000] #Buy:301 #Sell:255 #Hold:480 #Stocks:586 PV:119,381,518 profitloss:0.193815
[005380][Epoch 175/20000] #Buy:302 #Sell:261 #Hold:473 #Stocks:466 PV:107,159,593 profitloss:0.071596
[005380][Epoch 176/20000] #Buy:290 #Sell:239 #Hold:507 #Stocks:694 PV:127,863,033 profitloss:0.278630
[005380][Epoch 177/20000] #Buy:283 #Sell:248 #Hold:505 #Stocks:556 PV:125,060,157 profitloss:0.250602
[005380][Epoch 178/20000] #Buy:286 #Sell:265 #Hold:485 #Stocks:412 PV:112,830,426 profitloss:0.128304
[005380][Epoch 179/20000] #Buy:309 #Sell:241 #Hold:486 #Stocks:688 PV:113,025,620 profitloss:0.130256
[005380][Epoch 180/20000] #Buy:250 #Sell:233 #Hold:553 #Stocks:199 PV:89,711,648 profitloss:-0.102884
[005380][Epoch 181/20000] #Buy:254 #Sell:248 #Hold:534 #Stocks:113 PV:98,459,246 profitloss:-0.015408
[005380][Epoch 182/20000] #Buy:240 #Sell:239 #Hold:557 #Stocks:-54 PV:104,461,578 profitloss:0.044616
[005380][Epoch 183/20000] #Buy:268 #Sell:245 #Hold:523 #Stocks:289 PV:87,827,434 profitloss:-0.121726
[005380][Epoch 184/20000] #Buy:259 #Sell:263 #Hold:514 #Stocks:136 PV:97,808,554 profitloss:-0.021914
[005380][Epoch 185/20000] #Buy:258 #Sell:233 #Hold:545 #Stocks:342 PV:103,183,576 profitloss:0.031836
[005380][Epoch 186/20000] #Buy:275 #Sell:254 #Hold:507 #Stocks:292 PV:108,612,849 profitloss:0.086128
[005380][Epoch 187/20000] #Buy:285 #Sell:245 #Hold:506 #Stocks:416 PV:108,985,587 profitloss:0.089856
[005380][Epoch 188/20000] #Buy:280 #Sell:250 #Hold:506 #Stocks:349 PV:85,777,015 profitloss:-0.142230
[005380][Epoch 189/20000] #Buy:267 #Sell:262 #Hold:507 #Stocks:232 PV:113,915,943 profitloss:0.139159
[005380][Epoch 190/20000] #Buy:285 #Sell:235 #Hold:516 #Stocks:591 PV:118,897,322 profitloss:0.188973
[005380][Epoch 191/20000] #Buy:260 #Sell:250 #Hold:526 #Stocks:311 PV:117,760,961 profitloss:0.177610
[005380][Epoch 192/20000] #Buy:250 #Sell:264 #Hold:522 #Stocks:134 PV:112,620,022 profitloss:0.126200
[005380][Epoch 193/20000] #Buy:298 #Sell:234 #Hold:504 #Stocks:591 PV:109,751,435 profitloss:0.097514
[005380][Epoch 194/20000] #Buy:253 #Sell:266 #Hold:517 #Stocks:159 PV:112,511,400 profitloss:0.125114
[005380][Epoch 195/20000] #Buy:213 #Sell:219 #Hold:604 #Stocks:-20 PV:93,531,405 profitloss:-0.064686
[005380][Epoch 196/20000] #Buy:219 #Sell:223 #Hold:594 #Stocks:83 PV:91,922,026 profitloss:-0.080780
[005380][Epoch 197/20000] #Buy:277 #Sell:227 #Hold:532 #Stocks:526 PV:122,012,925 profitloss:0.220129
[005380][Epoch 198/20000] #Buy:255 #Sell:251 #Hold:530 #Stocks:184 PV:107,104,071 profitloss:0.071041
[005380][Epoch 199/20000] #Buy:270 #Sell:237 #Hold:529 #Stocks:317 PV:108,455,197 profitloss:0.084552
[005380][Epoch 200/20000] #Buy:264 #Sell:220 #Hold:552 #Stocks:486 PV:119,627,282 profitloss:0.196273
[005380][Epoch 201/20000] #Buy:189 #Sell:215 #Hold:632 #Stocks:-58 PV:92,288,612 profitloss:-0.077114
[005380][Epoch 202/20000] #Buy:268 #Sell:236 #Hold:532 #Stocks:293 PV:106,615,982 profitloss:0.066160
[005380][Epoch 203/20000] #Buy:251 #Sell:236 #Hold:549 #Stocks:250 PV:105,620,630 profitloss:0.056206
[005380][Epoch 204/20000] #Buy:258 #Sell:226 #Hold:552 #Stocks:438 PV:126,047,696 profitloss:0.260477
[005380][Epoch 205/20000] #Buy:260 #Sell:222 #Hold:554 #Stocks:448 PV:115,003,739 profitloss:0.150037
[005380][Epoch 206/20000] #Buy:248 #Sell:221 #Hold:567 #Stocks:280 PV:99,127,017 profitloss:-0.008730
[005380][Epoch 207/20000] #Buy:262 #Sell:220 #Hold:554 #Stocks:397 PV:108,360,842 profitloss:0.083608
[005380][Epoch 208/20000] #Buy:176 #Sell:220 #Hold:640 #Stocks:-182 PV:108,165,937 profitloss:0.081659
[005380][Epoch 209/20000] #Buy:265 #Sell:237 #Hold:534 #Stocks:417 PV:115,534,072 profitloss:0.155341
[005380][Epoch 210/20000] #Buy:245 #Sell:244 #Hold:547 #Stocks:221 PV:100,353,533 profitloss:0.003535
[005380][Epoch 211/20000] #Buy:243 #Sell:212 #Hold:581 #Stocks:390 PV:119,365,239 profitloss:0.193652
[005380][Epoch 212/20000] #Buy:265 #Sell:199 #Hold:572 #Stocks:513 PV:108,132,453 profitloss:0.081325
[005380][Epoch 213/20000] #Buy:229 #Sell:224 #Hold:583 #Stocks:247 PV:120,512,733 profitloss:0.205127
[005380][Epoch 214/20000] #Buy:220 #Sell:210 #Hold:606 #Stocks:191 PV:96,063,252 profitloss:-0.039367
[005380][Epoch 215/20000] #Buy:207 #Sell:198 #Hold:631 #Stocks:148 PV:92,034,055 profitloss:-0.079659
[005380][Epoch 216/20000] #Buy:243 #Sell:204 #Hold:589 #Stocks:399 PV:115,519,752 profitloss:0.155198
[005380][Epoch 217/20000] #Buy:255 #Sell:216 #Hold:565 #Stocks:301 PV:94,661,786 profitloss:-0.053382
[005380][Epoch 218/20000] #Buy:212 #Sell:189 #Hold:635 #Stocks:248 PV:88,618,762 profitloss:-0.113812
[005380][Epoch 219/20000] #Buy:227 #Sell:189 #Hold:620 #Stocks:339 PV:100,099,289 profitloss:0.000993
[005380][Epoch 220/20000] #Buy:245 #Sell:209 #Hold:582 #Stocks:404 PV:117,892,922 profitloss:0.178929
[005380][Epoch 221/20000] #Buy:207 #Sell:200 #Hold:629 #Stocks:220 PV:110,610,325 profitloss:0.106103
[005380][Epoch 222/20000] #Buy:228 #Sell:226 #Hold:582 #Stocks:226 PV:118,841,709 profitloss:0.188417
[005380][Epoch 223/20000] #Buy:225 #Sell:234 #Hold:577 #Stocks:232 PV:128,816,183 profitloss:0.288162
[005380][Epoch 224/20000] #Buy:214 #Sell:213 #Hold:609 #Stocks:167 PV:106,893,639 profitloss:0.068936
[005380][Epoch 225/20000] #Buy:223 #Sell:243 #Hold:570 #Stocks:136 PV:122,181,626 profitloss:0.221816
[005380][Epoch 226/20000] #Buy:218 #Sell:214 #Hold:604 #Stocks:206 PV:116,585,226 profitloss:0.165852
[005380][Epoch 227/20000] #Buy:244 #Sell:173 #Hold:619 #Stocks:595 PV:113,893,578 profitloss:0.138936
[005380][Epoch 228/20000] #Buy:257 #Sell:218 #Hold:561 #Stocks:338 PV:100,814,021 profitloss:0.008140
[005380][Epoch 229/20000] #Buy:248 #Sell:199 #Hold:589 #Stocks:438 PV:121,317,398 profitloss:0.213174
[005380][Epoch 230/20000] #Buy:221 #Sell:189 #Hold:626 #Stocks:310 PV:93,490,684 profitloss:-0.065093
[005380][Epoch 231/20000] #Buy:248 #Sell:203 #Hold:585 #Stocks:387 PV:100,905,802 profitloss:0.009058
[005380][Epoch 232/20000] #Buy:209 #Sell:201 #Hold:626 #Stocks:182 PV:99,775,487 profitloss:-0.002245
[005380][Epoch 233/20000] #Buy:258 #Sell:244 #Hold:534 #Stocks:246 PV:109,259,374 profitloss:0.092594
[005380][Epoch 234/20000] #Buy:254 #Sell:223 #Hold:559 #Stocks:298 PV:108,114,965 profitloss:0.081150
[005380][Epoch 235/20000] #Buy:92 #Sell:108 #Hold:836 #Stocks:-105 PV:108,428,694 profitloss:0.084287
[005380][Epoch 236/20000] #Buy:248 #Sell:221 #Hold:567 #Stocks:399 PV:127,937,533 profitloss:0.279375
[005380][Epoch 237/20000] #Buy:208 #Sell:207 #Hold:621 #Stocks:159 PV:108,598,539 profitloss:0.085985
[005380][Epoch 238/20000] #Buy:256 #Sell:202 #Hold:578 #Stocks:413 PV:104,337,982 profitloss:0.043380
[005380][Epoch 239/20000] #Buy:247 #Sell:210 #Hold:579 #Stocks:462 PV:124,929,272 profitloss:0.249293
[005380][Epoch 240/20000] #Buy:227 #Sell:212 #Hold:597 #Stocks:314 PV:121,772,226 profitloss:0.217722
[005380][Epoch 241/20000] #Buy:196 #Sell:202 #Hold:638 #Stocks:214 PV:124,762,480 profitloss:0.247625
[005380][Epoch 242/20000] #Buy:249 #Sell:207 #Hold:580 #Stocks:487 PV:123,034,764 profitloss:0.230348
[005380][Epoch 243/20000] #Buy:46 #Sell:62 #Hold:928 #Stocks:-98 PV:101,884,880 profitloss:0.018849
[005380][Epoch 244/20000] #Buy:199 #Sell:181 #Hold:656 #Stocks:242 PV:109,667,783 profitloss:0.096678
[005380][Epoch 245/20000] #Buy:40 #Sell:53 #Hold:943 #Stocks:-37 PV:101,561,705 profitloss:0.015617
[005380][Epoch 246/20000] #Buy:161 #Sell:154 #Hold:721 #Stocks:126 PV:99,621,140 profitloss:-0.003789
[005380][Epoch 247/20000] #Buy:36 #Sell:38 #Hold:962 #Stocks:-2 PV:96,362,025 profitloss:-0.036380
[005380][Epoch 248/20000] #Buy:30 #Sell:38 #Hold:968 #Stocks:-37 PV:99,035,321 profitloss:-0.009647
[005380][Epoch 249/20000] #Buy:185 #Sell:137 #Hold:714 #Stocks:426 PV:113,326,262 profitloss:0.133263
[005380][Epoch 250/20000] #Buy:25 #Sell:29 #Hold:982 #Stocks:-9 PV:98,774,225 profitloss:-0.012258
[005380][Epoch 251/20000] #Buy:73 #Sell:63 #Hold:900 #Stocks:45 PV:94,644,359 profitloss:-0.053556
[005380][Epoch 252/20000] #Buy:22 #Sell:36 #Hold:978 #Stocks:-90 PV:100,375,831 profitloss:0.003758
[005380][Epoch 253/20000] #Buy:16 #Sell:29 #Hold:991 #Stocks:-62 PV:101,761,079 profitloss:0.017611
[005380][Epoch 254/20000] #Buy:19 #Sell:25 #Hold:992 #Stocks:-33 PV:101,337,485 profitloss:0.013375
[005380][Epoch 255/20000] #Buy:15 #Sell:25 #Hold:996 #Stocks:-57 PV:101,032,616 profitloss:0.010326
[005380][Epoch 256/20000] #Buy:17 #Sell:23 #Hold:996 #Stocks:-34 PV:99,909,178 profitloss:-0.000908
[005380][Epoch 257/20000] #Buy:15 #Sell:18 #Hold:1003 #Stocks:-17 PV:101,308,836 profitloss:0.013088
[005380][Epoch 258/20000] #Buy:103 #Sell:63 #Hold:870 #Stocks:304 PV:107,144,881 profitloss:0.071449
[005380][Epoch 259/20000] #Buy:29 #Sell:26 #Hold:981 #Stocks:48 PV:101,440,874 profitloss:0.014409
[005380][Epoch 260/20000] #Buy:12 #Sell:16 #Hold:1008 #Stocks:-9 PV:99,805,419 profitloss:-0.001946
[005380][Epoch 261/20000] #Buy:44 #Sell:26 #Hold:966 #Stocks:91 PV:99,688,238 profitloss:-0.003118
[005380][Epoch 262/20000] #Buy:18 #Sell:20 #Hold:998 #Stocks:8 PV:99,603,897 profitloss:-0.003961
[005380][Epoch 263/20000] #Buy:23 #Sell:17 #Hold:996 #Stocks:63 PV:101,890,734 profitloss:0.018907
[005380][Epoch 264/20000] #Buy:20 #Sell:12 #Hold:1004 #Stocks:77 PV:100,238,278 profitloss:0.002383
[005380][Epoch 265/20000] #Buy:21 #Sell:17 #Hold:998 #Stocks:50 PV:103,219,579 profitloss:0.032196
[005380][Epoch 266/20000] #Buy:17 #Sell:10 #Hold:1009 #Stocks:55 PV:100,063,396 profitloss:0.000634
[005380][Epoch 267/20000] #Buy:10 #Sell:13 #Hold:1013 #Stocks:-33 PV:100,160,666 profitloss:0.001607
[005380][Epoch 268/20000] #Buy:12 #Sell:12 #Hold:1012 #Stocks:-1 PV:94,703,408 profitloss:-0.052966
[005380][Epoch 269/20000] #Buy:9 #Sell:8 #Hold:1019 #Stocks:19 PV:97,551,954 profitloss:-0.024480
[005380][Epoch 270/20000] #Buy:8 #Sell:8 #Hold:1020 #Stocks:-1 PV:98,358,606 profitloss:-0.016414
[005380][Epoch 271/20000] #Buy:11 #Sell:8 #Hold:1017 #Stocks:16 PV:98,501,208 profitloss:-0.014988
[005380][Epoch 272/20000] #Buy:7 #Sell:9 #Hold:1020 #Stocks:-9 PV:99,423,203 profitloss:-0.005768
[005380][Epoch 273/20000] #Buy:7 #Sell:11 #Hold:1018 #Stocks:-24 PV:101,198,378 profitloss:0.011984
[005380][Epoch 274/20000] #Buy:12 #Sell:13 #Hold:1011 #Stocks:6 PV:99,788,727 profitloss:-0.002113
[005380][Epoch 275/20000] #Buy:20 #Sell:14 #Hold:1002 #Stocks:56 PV:98,530,493 profitloss:-0.014695
[005380][Epoch 276/20000] #Buy:19 #Sell:15 #Hold:1002 #Stocks:24 PV:100,123,646 profitloss:0.001236
[005380][Epoch 277/20000] #Buy:11 #Sell:15 #Hold:1010 #Stocks:-24 PV:101,493,996 profitloss:0.014940
[005380][Epoch 278/20000] #Buy:14 #Sell:19 #Hold:1003 #Stocks:-38 PV:102,729,993 profitloss:0.027300
[005380][Epoch 279/20000] #Buy:32 #Sell:22 #Hold:982 #Stocks:113 PV:103,057,162 profitloss:0.030572
[005380][Epoch 280/20000] #Buy:26 #Sell:21 #Hold:989 #Stocks:40 PV:97,671,800 profitloss:-0.023282
[005380][Epoch 281/20000] #Buy:25 #Sell:25 #Hold:986 #Stocks:21 PV:98,612,820 profitloss:-0.013872
[005380][Epoch 282/20000] #Buy:35 #Sell:20 #Hold:981 #Stocks:156 PV:105,283,896 profitloss:0.052839
[005380][Epoch 283/20000] #Buy:33 #Sell:29 #Hold:974 #Stocks:72 PV:99,623,373 profitloss:-0.003766
[005380][Epoch 284/20000] #Buy:33 #Sell:26 #Hold:977 #Stocks:69 PV:98,238,316 profitloss:-0.017617
[005380][Epoch 285/20000] #Buy:40 #Sell:24 #Hold:972 #Stocks:136 PV:99,650,507 profitloss:-0.003495
[005380][Epoch 286/20000] #Buy:39 #Sell:21 #Hold:976 #Stocks:192 PV:102,079,499 profitloss:0.020795
[005380][Epoch 287/20000] #Buy:41 #Sell:22 #Hold:973 #Stocks:205 PV:107,646,667 profitloss:0.076467
[005380][Epoch 288/20000] #Buy:36 #Sell:34 #Hold:966 #Stocks:76 PV:105,109,725 profitloss:0.051097
[005380][Epoch 289/20000] #Buy:31 #Sell:30 #Hold:975 #Stocks:78 PV:105,384,529 profitloss:0.053845
[005380][Epoch 290/20000] #Buy:41 #Sell:38 #Hold:957 #Stocks:103 PV:106,091,708 profitloss:0.060917
[005380][Epoch 291/20000] #Buy:32 #Sell:26 #Hold:978 #Stocks:98 PV:103,964,066 profitloss:0.039641
[005380][Epoch 292/20000] #Buy:27 #Sell:29 #Hold:980 #Stocks:19 PV:95,993,617 profitloss:-0.040064
[005380][Epoch 293/20000] #Buy:30 #Sell:26 #Hold:980 #Stocks:88 PV:103,660,971 profitloss:0.036610
[005380][Epoch 294/20000] #Buy:35 #Sell:32 #Hold:969 #Stocks:102 PV:106,300,914 profitloss:0.063009
[005380][Epoch 295/20000] #Buy:22 #Sell:26 #Hold:988 #Stocks:-25 PV:102,560,569 profitloss:0.025606
[005380][Epoch 296/20000] #Buy:33 #Sell:18 #Hold:985 #Stocks:130 PV:97,873,282 profitloss:-0.021267
[005380][Epoch 297/20000] #Buy:28 #Sell:21 #Hold:987 #Stocks:102 PV:104,312,035 profitloss:0.043120
[005380][Epoch 298/20000] #Buy:26 #Sell:29 #Hold:981 #Stocks:32 PV:99,051,936 profitloss:-0.009481
[005380][Epoch 299/20000] #Buy:16 #Sell:18 #Hold:1002 #Stocks:-35 PV:103,289,236 profitloss:0.032892
[005380][Epoch 300/20000] #Buy:38 #Sell:26 #Hold:972 #Stocks:145 PV:103,384,405 profitloss:0.033844
[005380][Epoch 301/20000] #Buy:24 #Sell:14 #Hold:998 #Stocks:81 PV:96,762,972 profitloss:-0.032370
[005380][Epoch 302/20000] #Buy:24 #Sell:14 #Hold:998 #Stocks:113 PV:103,945,635 profitloss:0.039456
[005380][Epoch 303/20000] #Buy:25 #Sell:15 #Hold:996 #Stocks:113 PV:105,499,332 profitloss:0.054993
[005380][Epoch 304/20000] #Buy:22 #Sell:19 #Hold:995 #Stocks:74 PV:104,163,748 profitloss:0.041637
[005380][Epoch 305/20000] #Buy:21 #Sell:13 #Hold:1002 #Stocks:84 PV:100,997,457 profitloss:0.009975
[005380][Epoch 306/20000] #Buy:24 #Sell:16 #Hold:996 #Stocks:71 PV:96,881,155 profitloss:-0.031188
[005380][Epoch 307/20000] #Buy:10 #Sell:17 #Hold:1009 #Stocks:-53 PV:100,824,724 profitloss:0.008247
[005380][Epoch 308/20000] #Buy:15 #Sell:12 #Hold:1009 #Stocks:47 PV:100,684,019 profitloss:0.006840
[005380][Epoch 309/20000] #Buy:29 #Sell:11 #Hold:996 #Stocks:164 PV:105,517,080 profitloss:0.055171
[005380][Epoch 310/20000] #Buy:16 #Sell:15 #Hold:1005 #Stocks:31 PV:100,873,699 profitloss:0.008737
[005380][Epoch 311/20000] #Buy:8 #Sell:9 #Hold:1019 #Stocks:-2 PV:98,988,646 profitloss:-0.010114
[005380][Epoch 312/20000] #Buy:18 #Sell:7 #Hold:1011 #Stocks:115 PV:104,481,352 profitloss:0.044814
[005380][Epoch 313/20000] #Buy:8 #Sell:11 #Hold:1017 #Stocks:1 PV:99,724,618 profitloss:-0.002754
[005380][Epoch 314/20000] #Buy:9 #Sell:6 #Hold:1021 #Stocks:46 PV:101,081,683 profitloss:0.010817
[005380][Epoch 315/20000] #Buy:14 #Sell:11 #Hold:1011 #Stocks:56 PV:102,318,310 profitloss:0.023183
[005380][Epoch 316/20000] #Buy:11 #Sell:5 #Hold:1020 #Stocks:83 PV:103,658,251 profitloss:0.036583
[005380][Epoch 317/20000] #Buy:7 #Sell:5 #Hold:1024 #Stocks:32 PV:99,079,952 profitloss:-0.009200
[005380][Epoch 318/20000] #Buy:10 #Sell:5 #Hold:1021 #Stocks:63 PV:102,140,952 profitloss:0.021410
[005380][Epoch 319/20000] #Buy:3 #Sell:4 #Hold:1029 #Stocks:-1 PV:100,321,092 profitloss:0.003211
[005380][Epoch 320/20000] #Buy:6 #Sell:3 #Hold:1027 #Stocks:34 PV:100,467,813 profitloss:0.004678
[005380][Epoch 321/20000] #Buy:7 #Sell:4 #Hold:1025 #Stocks:29 PV:100,359,537 profitloss:0.003595
[005380][Epoch 322/20000] #Buy:7 #Sell:4 #Hold:1025 #Stocks:35 PV:101,352,068 profitloss:0.013521
[005380][Epoch 323/20000] #Buy:1 #Sell:1 #Hold:1034 #Stocks:-2 PV:100,068,689 profitloss:0.000687
[005380][Epoch 324/20000] #Buy:6 #Sell:1 #Hold:1029 #Stocks:51 PV:101,838,880 profitloss:0.018389
[005380][Epoch 325/20000] #Buy:1 #Sell:2 #Hold:1033 #Stocks:-4 PV:98,495,290 profitloss:-0.015047
[005380][Epoch 326/20000] #Buy:5 #Sell:0 #Hold:1031 #Stocks:52 PV:101,980,557 profitloss:0.019806
[005380][Epoch 327/20000] #Buy:0 #Sell:0 #Hold:1036 #Stocks:0 PV:100,000,000 profitloss:0.000000
[005380][Epoch 328/20000] #Buy:0 #Sell:0 #Hold:1036 #Stocks:0 PV:100,000,000 profitloss:0.000000
[005380][Epoch 329/20000] #Buy:0 #Sell:0 #Hold:1036 #Stocks:0 PV:100,000,000 profitloss:0.000000
[005380][Epoch 330/20000] #Buy:0 #Sell:0 #Hold:1036 #Stocks:0 PV:100,000,000 profitloss:0.000000
[005380][Epoch 331/20000] #Buy:0 #Sell:0 #Hold:1036 #Stocks:0 PV:100,000,000 profitloss:0.000000
[005380][Epoch 332/20000] #Buy:0 #Sell:0 #Hold:1036 #Stocks:0 PV:100,000,000 profitloss:0.000000
[005380][Epoch 333/20000] #Buy:0 #Sell:0 #Hold:1036 #Stocks:0 PV:100,000,000 profitloss:0.000000
[005380][Epoch 334/20000] #Buy:0 #Sell:0 #Hold:1036 #Stocks:0 PV:100,000,000 profitloss:0.000000
[005380][Epoch 335/20000] #Buy:0 #Sell:0 #Hold:1036 #Stocks:0 PV:100,000,000 profitloss:0.000000
[005380][Epoch 336/20000] #Buy:0 #Sell:0 #Hold:1036 #Stocks:0 PV:100,000,000 profitloss:0.000000
[005380][Epoch 337/20000] #Buy:0 #Sell:0 #Hold:1036 #Stocks:0 PV:100,000,000 profitloss:0.000000
[005380][Epoch 338/20000] #Buy:0 #Sell:0 #Hold:1036 #Stocks:0 PV:100,000,000 profitloss:0.000000
[005380][Epoch 339/20000] #Buy:0 #Sell:0 #Hold:1036 #Stocks:0 PV:100,000,000 profitloss:0.000000
[005380][Epoch 340/20000] #Buy:0 #Sell:0 #Hold:1036 #Stocks:0 PV:100,000,000 profitloss:0.000000
[005380][Epoch 341/20000] #Buy:0 #Sell:0 #Hold:1036 #Stocks:0 PV:100,000,000 profitloss:0.000000
[005380][Epoch 342/20000] #Buy:0 #Sell:0 #Hold:1036 #Stocks:0 PV:100,000,000 profitloss:0.000000
[005380][Epoch 343/20000] #Buy:0 #Sell:0 #Hold:1036 #Stocks:0 PV:100,000,000 profitloss:0.000000
[005380][Epoch 344/20000] #Buy:0 #Sell:0 #Hold:1036 #Stocks:0 PV:100,000,000 profitloss:0.000000
[005380][Epoch 345/20000] #Buy:0 #Sell:0 #Hold:1036 #Stocks:0 PV:100,000,000 profitloss:0.000000
[005380][Epoch 346/20000] #Buy:0 #Sell:0 #Hold:1036 #Stocks:0 PV:100,000,000 profitloss:0.000000
[005380][Epoch 347/20000] #Buy:0 #Sell:0 #Hold:1036 #Stocks:0 PV:100,000,000 profitloss:0.000000
[005380][Epoch 348/20000] #Buy:0 #Sell:0 #Hold:1036 #Stocks:0 PV:100,000,000 profitloss:0.000000
[005380][Epoch 349/20000] #Buy:1 #Sell:1 #Hold:1034 #Stocks:2 PV:99,949,171 profitloss:-0.000508
[005380][Epoch 350/20000] #Buy:1 #Sell:0 #Hold:1035 #Stocks:5 PV:99,877,362 profitloss:-0.001226
[005380][Epoch 351/20000] #Buy:1 #Sell:0 #Hold:1035 #Stocks:7 PV:99,831,808 profitloss:-0.001682
[005380][Epoch 352/20000] #Buy:1 #Sell:1 #Hold:1034 #Stocks:-1 PV:99,128,065 profitloss:-0.008719
[005380][Epoch 353/20000] #Buy:0 #Sell:1 #Hold:1035 #Stocks:-5 PV:100,122,362 profitloss:0.001224
[005380][Epoch 354/20000] #Buy:3 #Sell:2 #Hold:1031 #Stocks:14 PV:99,731,127 profitloss:-0.002689
[005380][Epoch 355/20000] #Buy:0 #Sell:3 #Hold:1033 #Stocks:-18 PV:100,431,506 profitloss:0.004315
[005380][Epoch 356/20000] #Buy:2 #Sell:3 #Hold:1031 #Stocks:-3 PV:98,488,860 profitloss:-0.015111
[005380][Epoch 357/20000] #Buy:4 #Sell:2 #Hold:1030 #Stocks:17 PV:98,571,229 profitloss:-0.014288
[005380][Epoch 358/20000] #Buy:2 #Sell:4 #Hold:1030 #Stocks:-12 PV:100,335,021 profitloss:0.003350
[005380][Epoch 359/20000] #Buy:0 #Sell:2 #Hold:1034 #Stocks:-17 PV:99,486,672 profitloss:-0.005133
[005380][Epoch 360/20000] #Buy:4 #Sell:1 #Hold:1031 #Stocks:33 PV:100,373,054 profitloss:0.003731
[005380][Epoch 361/20000] #Buy:3 #Sell:2 #Hold:1031 #Stocks:21 PV:100,778,173 profitloss:0.007782
[005380][Epoch 362/20000] #Buy:6 #Sell:1 #Hold:1029 #Stocks:47 PV:100,197,181 profitloss:0.001972
[005380][Epoch 363/20000] #Buy:3 #Sell:2 #Hold:1031 #Stocks:12 PV:98,613,888 profitloss:-0.013861
[005380][Epoch 364/20000] #Buy:2 #Sell:2 #Hold:1032 #Stocks:-1 PV:100,368,274 profitloss:0.003683
[005380][Epoch 365/20000] #Buy:4 #Sell:2 #Hold:1030 #Stocks:22 PV:100,430,968 profitloss:0.004310
[005380][Epoch 366/20000] #Buy:2 #Sell:2 #Hold:1032 #Stocks:-1 PV:99,870,278 profitloss:-0.001297
[005380][Epoch 367/20000] #Buy:2 #Sell:2 #Hold:1032 #Stocks:8 PV:100,241,320 profitloss:0.002413
[005380][Epoch 368/20000] #Buy:1 #Sell:2 #Hold:1033 #Stocks:-6 PV:99,460,415 profitloss:-0.005396
[005380][Epoch 369/20000] #Buy:2 #Sell:1 #Hold:1033 #Stocks:10 PV:98,913,287 profitloss:-0.010867
[005380][Epoch 370/20000] #Buy:3 #Sell:3 #Hold:1030 #Stocks:20 PV:101,018,008 profitloss:0.010180
[005380][Epoch 371/20000] #Buy:2 #Sell:1 #Hold:1033 #Stocks:10 PV:99,053,847 profitloss:-0.009462
[005380][Epoch 372/20000] #Buy:1 #Sell:1 #Hold:1034 #Stocks:-1 PV:99,232,097 profitloss:-0.007679
[005380][Epoch 373/20000] #Buy:0 #Sell:0 #Hold:1036 #Stocks:0 PV:100,000,000 profitloss:0.000000
[005380][Epoch 374/20000] #Buy:0 #Sell:2 #Hold:1034 #Stocks:-14 PV:99,527,737 profitloss:-0.004723
[005380][Epoch 375/20000] #Buy:0 #Sell:0 #Hold:1036 #Stocks:0 PV:100,000,000 profitloss:0.000000
[005380][Epoch 376/20000] #Buy:0 #Sell:0 #Hold:1036 #Stocks:0 PV:100,000,000 profitloss:0.000000
[005380][Epoch 377/20000] #Buy:0 #Sell:0 #Hold:1036 #Stocks:0 PV:100,000,000 profitloss:0.000000
[005380][Epoch 378/20000] #Buy:0 #Sell:0 #Hold:1036 #Stocks:0 PV:100,000,000 profitloss:0.000000
[005380][Epoch 379/20000] #Buy:0 #Sell:0 #Hold:1036 #Stocks:0 PV:100,000,000 profitloss:0.000000
[005380][Epoch 380/20000] #Buy:0 #Sell:0 #Hold:1036 #Stocks:0 PV:100,000,000 profitloss:0.000000
[005380][Epoch 381/20000] #Buy:0 #Sell:0 #Hold:1036 #Stocks:0 PV:100,000,000 profitloss:0.000000
[005380][Epoch 382/20000] #Buy:0 #Sell:0 #Hold:1036 #Stocks:0 PV:100,000,000 profitloss:0.000000
[005380][Epoch 383/20000] #Buy:0 #Sell:0 #Hold:1036 #Stocks:0 PV:100,000,000 profitloss:0.000000
[005380][Epoch 384/20000] #Buy:0 #Sell:0 #Hold:1036 #Stocks:0 PV:100,000,000 profitloss:0.000000
[005380][Epoch 385/20000] #Buy:0 #Sell:0 #Hold:1036 #Stocks:0 PV:100,000,000 profitloss:0.000000
[005380][Epoch 386/20000] #Buy:0 #Sell:0 #Hold:1036 #Stocks:0 PV:100,000,000 profitloss:0.000000
[005380][Epoch 387/20000] #Buy:0 #Sell:0 #Hold:1036 #Stocks:0 PV:100,000,000 profitloss:0.000000
[005380][Epoch 388/20000] #Buy:0 #Sell:0 #Hold:1036 #Stocks:0 PV:100,000,000 profitloss:0.000000
[005380][Epoch 389/20000] #Buy:0 #Sell:0 #Hold:1036 #Stocks:0 PV:100,000,000 profitloss:0.000000
[005380][Epoch 390/20000] #Buy:0 #Sell:0 #Hold:1036 #Stocks:0 PV:100,000,000 profitloss:0.000000
[005380][Epoch 391/20000] #Buy:0 #Sell:0 #Hold:1036 #Stocks:0 PV:100,000,000 profitloss:0.000000
[005380][Epoch 392/20000] #Buy:0 #Sell:0 #Hold:1036 #Stocks:0 PV:100,000,000 profitloss:0.000000
[005380][Epoch 393/20000] #Buy:0 #Sell:0 #Hold:1036 #Stocks:0 PV:100,000,000 profitloss:0.000000
[005380][Epoch 394/20000] #Buy:0 #Sell:0 #Hold:1036 #Stocks:0 PV:100,000,000 profitloss:0.000000
[005380][Epoch 395/20000] #Buy:0 #Sell:0 #Hold:1036 #Stocks:0 PV:100,000,000 profitloss:0.000000
[005380][Epoch 396/20000] #Buy:0 #Sell:0 #Hold:1036 #Stocks:0 PV:100,000,000 profitloss:0.000000
[005380][Epoch 397/20000] #Buy:0 #Sell:0 #Hold:1036 #Stocks:0 PV:100,000,000 profitloss:0.000000
[005380][Epoch 398/20000] #Buy:0 #Sell:0 #Hold:1036 #Stocks:0 PV:100,000,000 profitloss:0.000000
[005380][Epoch 399/20000] #Buy:0 #Sell:0 #Hold:1036 #Stocks:0 PV:100,000,000 profitloss:0.000000
[005380][Epoch 400/20000] #Buy:0 #Sell:0 #Hold:1036 #Stocks:0 PV:100,000,000 profitloss:0.000000
[005380][Epoch 401/20000] #Buy:0 #Sell:0 #Hold:1036 #Stocks:0 PV:100,000,000 profitloss:0.000000
[005380][Epoch 402/20000] #Buy:0 #Sell:0 #Hold:1036 #Stocks:0 PV:100,000,000 profitloss:0.000000
[005380][Epoch 403/20000] #Buy:0 #Sell:0 #Hold:1036 #Stocks:0 PV:100,000,000 profitloss:0.000000
[005380][Epoch 404/20000] #Buy:0 #Sell:0 #Hold:1036 #Stocks:0 PV:100,000,000 profitloss:0.000000
[005380][Epoch 405/20000] #Buy:0 #Sell:0 #Hold:1036 #Stocks:0 PV:100,000,000 profitloss:0.000000
[005380][Epoch 406/20000] #Buy:0 #Sell:0 #Hold:1036 #Stocks:0 PV:100,000,000 profitloss:0.000000
[005380][Epoch 407/20000] #Buy:0 #Sell:0 #Hold:1036 #Stocks:0 PV:100,000,000 profitloss:0.000000
[005380][Epoch 408/20000] #Buy:0 #Sell:0 #Hold:1036 #Stocks:0 PV:100,000,000 profitloss:0.000000
[005380][Epoch 409/20000] #Buy:0 #Sell:0 #Hold:1036 #Stocks:0 PV:100,000,000 profitloss:0.000000
[005380][Epoch 410/20000] #Buy:0 #Sell:0 #Hold:1036 #Stocks:0 PV:100,000,000 profitloss:0.000000
[005380][Epoch 411/20000] #Buy:0 #Sell:0 #Hold:1036 #Stocks:0 PV:100,000,000 profitloss:0.000000
[005380][Epoch 412/20000] #Buy:0 #Sell:0 #Hold:1036 #Stocks:0 PV:100,000,000 profitloss:0.000000
[005380][Epoch 413/20000] #Buy:0 #Sell:0 #Hold:1036 #Stocks:0 PV:100,000,000 profitloss:0.000000
[005380][Epoch 414/20000] #Buy:0 #Sell:0 #Hold:1036 #Stocks:0 PV:100,000,000 profitloss:0.000000
[005380][Epoch 415/20000] #Buy:0 #Sell:0 #Hold:1036 #Stocks:0 PV:100,000,000 profitloss:0.000000
[005380][Epoch 416/20000] #Buy:0 #Sell:0 #Hold:1036 #Stocks:0 PV:100,000,000 profitloss:0.000000
[005380][Epoch 417/20000] #Buy:0 #Sell:1 #Hold:1035 #Stocks:-3 PV:100,010,427 profitloss:0.000104
[005380][Epoch 418/20000] #Buy:0 #Sell:0 #Hold:1036 #Stocks:0 PV:100,000,000 profitloss:0.000000
[005380][Epoch 419/20000] #Buy:0 #Sell:0 #Hold:1036 #Stocks:0 PV:100,000,000 profitloss:0.000000
[005380][Epoch 420/20000] #Buy:0 #Sell:0 #Hold:1036 #Stocks:0 PV:100,000,000 profitloss:0.000000
[005380][Epoch 421/20000] #Buy:0 #Sell:0 #Hold:1036 #Stocks:0 PV:100,000,000 profitloss:0.000000
[005380][Epoch 422/20000] #Buy:0 #Sell:0 #Hold:1036 #Stocks:0 PV:100,000,000 profitloss:0.000000
[005380][Epoch 423/20000] #Buy:9 #Sell:5 #Hold:1022 #Stocks:10 PV:98,528,292 profitloss:-0.014717
[005380][Epoch 424/20000] #Buy:5 #Sell:0 #Hold:1031 #Stocks:14 PV:99,545,098 profitloss:-0.004549
[005380][Epoch 425/20000] #Buy:1 #Sell:1 #Hold:1034 #Stocks:0 PV:100,018,879 profitloss:0.000189
[005380][Epoch 426/20000] #Buy:11 #Sell:6 #Hold:1019 #Stocks:16 PV:99,247,659 profitloss:-0.007523
[005380][Epoch 427/20000] #Buy:0 #Sell:1 #Hold:1035 #Stocks:-2 PV:100,074,941 profitloss:0.000749
[005380][Epoch 428/20000] #Buy:3 #Sell:3 #Hold:1030 #Stocks:-2 PV:99,809,212 profitloss:-0.001908
[005380][Epoch 429/20000] #Buy:2 #Sell:3 #Hold:1031 #Stocks:-2 PV:100,115,664 profitloss:0.001157
[005380][Epoch 430/20000] #Buy:1 #Sell:2 #Hold:1033 #Stocks:-6 PV:100,036,763 profitloss:0.000368
[005380][Epoch 431/20000] #Buy:1 #Sell:2 #Hold:1033 #Stocks:-2 PV:100,009,817 profitloss:0.000098
[005380][Epoch 432/20000] #Buy:2 #Sell:2 #Hold:1032 #Stocks:-1 PV:100,138,189 profitloss:0.001382
[005380][Epoch 433/20000] #Buy:2 #Sell:3 #Hold:1031 #Stocks:-2 PV:100,014,668 profitloss:0.000147
[005380][Epoch 434/20000] #Buy:0 #Sell:1 #Hold:1035 #Stocks:-4 PV:99,875,923 profitloss:-0.001241
[005380][Epoch 435/20000] #Buy:0 #Sell:1 #Hold:1035 #Stocks:-2 PV:100,096,938 profitloss:0.000969
[005380][Epoch 436/20000] #Buy:34 #Sell:13 #Hold:989 #Stocks:81 PV:98,663,124 profitloss:-0.013369
[005380][Epoch 437/20000] #Buy:30 #Sell:16 #Hold:990 #Stocks:48 PV:97,650,012 profitloss:-0.023500
[005380][Epoch 438/20000] #Buy:31 #Sell:19 #Hold:986 #Stocks:44 PV:98,878,629 profitloss:-0.011214
[005380][Epoch 439/20000] #Buy:61 #Sell:30 #Hold:945 #Stocks:145 PV:95,847,075 profitloss:-0.041529
[005380][Epoch 440/20000] #Buy:63 #Sell:28 #Hold:945 #Stocks:160 PV:94,166,990 profitloss:-0.058330
[005380][Epoch 441/20000] #Buy:46 #Sell:24 #Hold:966 #Stocks:113 PV:96,020,367 profitloss:-0.039796
[005380][Epoch 442/20000] #Buy:0 #Sell:1 #Hold:1035 #Stocks:-4 PV:99,849,927 profitloss:-0.001501
[005380][Epoch 443/20000] #Buy:59 #Sell:28 #Hold:949 #Stocks:143 PV:94,290,804 profitloss:-0.057092
[005380][Epoch 444/20000] #Buy:2 #Sell:2 #Hold:1032 #Stocks:-1 PV:100,149,714 profitloss:0.001497
[005380][Epoch 445/20000] #Buy:77 #Sell:32 #Hold:927 #Stocks:251 PV:90,613,457 profitloss:-0.093865
[005380][Epoch 446/20000] #Buy:24 #Sell:13 #Hold:999 #Stocks:47 PV:97,042,015 profitloss:-0.029580
[005380][Epoch 447/20000] #Buy:20 #Sell:11 #Hold:1005 #Stocks:27 PV:98,421,473 profitloss:-0.015785
[005380][Epoch 448/20000] #Buy:88 #Sell:46 #Hold:902 #Stocks:303 PV:91,395,509 profitloss:-0.086045
[005380][Epoch 449/20000] #Buy:2 #Sell:5 #Hold:1029 #Stocks:-13 PV:100,130,150 profitloss:0.001302
[005380][Epoch 450/20000] #Buy:1 #Sell:1 #Hold:1034 #Stocks:-2 PV:100,039,875 profitloss:0.000399
[005380][Epoch 451/20000] #Buy:0 #Sell:3 #Hold:1033 #Stocks:-8 PV:99,920,821 profitloss:-0.000792
[005380][Epoch 452/20000] #Buy:2 #Sell:4 #Hold:1030 #Stocks:-8 PV:99,929,445 profitloss:-0.000706
[005380][Epoch 453/20000] #Buy:33 #Sell:18 #Hold:985 #Stocks:71 PV:95,990,624 profitloss:-0.040094
[005380][Epoch 454/20000] #Buy:2 #Sell:3 #Hold:1031 #Stocks:-7 PV:100,032,157 profitloss:0.000322
[005380][Epoch 455/20000] #Buy:0 #Sell:2 #Hold:1034 #Stocks:-7 PV:99,803,363 profitloss:-0.001966
[005380][Epoch 456/20000] #Buy:2 #Sell:3 #Hold:1031 #Stocks:-7 PV:100,177,045 profitloss:0.001770
[005380][Epoch 457/20000] #Buy:65 #Sell:38 #Hold:933 #Stocks:174 PV:94,238,097 profitloss:-0.057619
[005380][Epoch 458/20000] #Buy:103 #Sell:47 #Hold:886 #Stocks:370 PV:85,636,553 profitloss:-0.143634
[005380][Epoch 459/20000] #Buy:3 #Sell:3 #Hold:1030 #Stocks:-2 PV:98,686,320 profitloss:-0.013137
[005380][Epoch 460/20000] #Buy:2 #Sell:4 #Hold:1030 #Stocks:-7 PV:100,345,133 profitloss:0.003451
[005380][Epoch 461/20000] #Buy:122 #Sell:52 #Hold:862 #Stocks:539 PV:85,811,438 profitloss:-0.141886
[005380][Epoch 462/20000] #Buy:5 #Sell:5 #Hold:1026 #Stocks:-1 PV:98,826,532 profitloss:-0.011735
[005380][Epoch 463/20000] #Buy:111 #Sell:59 #Hold:866 #Stocks:431 PV:82,408,147 profitloss:-0.175919
[005380][Epoch 464/20000] #Buy:111 #Sell:49 #Hold:876 #Stocks:470 PV:74,860,610 profitloss:-0.251394
[005380][Epoch 465/20000] #Buy:112 #Sell:64 #Hold:860 #Stocks:444 PV:81,444,839 profitloss:-0.185552
[005380][Epoch 466/20000] #Buy:4 #Sell:4 #Hold:1028 #Stocks:-4 PV:100,738,465 profitloss:0.007385
[005380][Epoch 467/20000] #Buy:5 #Sell:8 #Hold:1023 #Stocks:-10 PV:100,722,754 profitloss:0.007228
[005380][Epoch 468/20000] #Buy:125 #Sell:73 #Hold:838 #Stocks:470 PV:80,615,942 profitloss:-0.193841
[005380][Epoch 469/20000] #Buy:118 #Sell:63 #Hold:855 #Stocks:472 PV:76,635,065 profitloss:-0.233649
[005380][Epoch 470/20000] #Buy:125 #Sell:60 #Hold:851 #Stocks:504 PV:80,941,163 profitloss:-0.190588
[005380][Epoch 471/20000] #Buy:53 #Sell:42 #Hold:941 #Stocks:153 PV:94,656,035 profitloss:-0.053440
[005380][Epoch 472/20000] #Buy:135 #Sell:82 #Hold:819 #Stocks:575 PV:97,482,516 profitloss:-0.025175
[005380][Epoch 473/20000] #Buy:128 #Sell:63 #Hold:845 #Stocks:549 PV:88,356,765 profitloss:-0.116432
[005380][Epoch 474/20000] #Buy:122 #Sell:74 #Hold:840 #Stocks:539 PV:96,218,507 profitloss:-0.037815
[005380][Epoch 475/20000] #Buy:106 #Sell:45 #Hold:885 #Stocks:520 PV:83,640,625 profitloss:-0.163594
[005380][Epoch 476/20000] #Buy:4 #Sell:4 #Hold:1028 #Stocks:-9 PV:100,068,279 profitloss:0.000683
[005380][Epoch 477/20000] #Buy:131 #Sell:72 #Hold:833 #Stocks:501 PV:79,801,322 profitloss:-0.201987
[005380][Epoch 478/20000] #Buy:130 #Sell:87 #Hold:819 #Stocks:516 PV:83,780,497 profitloss:-0.162195
[005380][Epoch 479/20000] #Buy:131 #Sell:86 #Hold:819 #Stocks:502 PV:79,963,145 profitloss:-0.200369
[005380][Epoch 480/20000] #Buy:138 #Sell:90 #Hold:808 #Stocks:538 PV:85,635,939 profitloss:-0.143641
[005380][Epoch 481/20000] #Buy:125 #Sell:85 #Hold:826 #Stocks:503 PV:79,998,274 profitloss:-0.200017
[005380][Epoch 482/20000] #Buy:132 #Sell:97 #Hold:807 #Stocks:487 PV:79,271,271 profitloss:-0.207287
