{"name": "202301070918", "code": "005380", "model": "DNN", "mode": "train", "start_date": "20180601", "end_date": "20221220", "lr": 0.0001, "n_steps": 10, "balance": 100000000}
[005380][Epoch 1/20000] #Buy:148 #Sell:212 #Hold:196 #Stocks:-806 PV:4,076,286 profitloss:-0.959237
[005380][Epoch 2/20000] #Buy:169 #Sell:210 #Hold:186 #Stocks:-600 PV:11,548,682 profitloss:-0.884513
[005380][Epoch 3/20000] #Buy:160 #Sell:211 #Hold:194 #Stocks:-674 PV:7,890,585 profitloss:-0.921094
[005380][Epoch 4/20000] #Buy:152 #Sell:201 #Hold:212 #Stocks:-626 PV:8,792,369 profitloss:-0.912076
[005380][Epoch 5/20000] #Buy:280 #Sell:316 #Hold:416 #Stocks:-519 PV:122,453,298 profitloss:0.224533
[005380][Epoch 6/20000] #Buy:264 #Sell:310 #Hold:422 #Stocks:-668 PV:127,872,835 profitloss:0.278728
[005380][Epoch 7/20000] #Buy:250 #Sell:297 #Hold:444 #Stocks:-706 PV:125,146,686 profitloss:0.251467
[005380][Epoch 8/20000] #Buy:232 #Sell:277 #Hold:480 #Stocks:-637 PV:110,772,886 profitloss:0.107729
[005380][Epoch 9/20000] #Buy:256 #Sell:306 #Hold:440 #Stocks:-630 PV:121,382,157 profitloss:0.213822
[005380][Epoch 10/20000] #Buy:238 #Sell:296 #Hold:439 #Stocks:-658 PV:119,990,494 profitloss:0.199905
[005380][Epoch 11/20000] #Buy:262 #Sell:308 #Hold:449 #Stocks:-602 PV:124,960,050 profitloss:0.249600
[005380][Epoch 12/20000] #Buy:254 #Sell:299 #Hold:446 #Stocks:-663 PV:124,945,892 profitloss:0.249459
[005380][Epoch 13/20000] #Buy:252 #Sell:295 #Hold:452 #Stocks:-565 PV:115,949,728 profitloss:0.159497
[005380][Epoch 14/20000] #Buy:250 #Sell:299 #Hold:438 #Stocks:-612 PV:116,164,669 profitloss:0.161647
[005380][Epoch 15/20000] #Buy:249 #Sell:287 #Hold:465 #Stocks:-579 PV:111,644,925 profitloss:0.116449
[005380][Epoch 16/20000] #Buy:260 #Sell:298 #Hold:440 #Stocks:-517 PV:109,308,812 profitloss:0.093088
[005380][Epoch 17/20000] #Buy:81 #Sell:143 #Hold:281 #Stocks:-829 PV:-4,717,454 profitloss:-1.047175
[005380][Epoch 18/20000] #Buy:100 #Sell:153 #Hold:294 #Stocks:-854 PV:-10,281,378 profitloss:-1.102814
[005380][Epoch 19/20000] #Buy:93 #Sell:151 #Hold:284 #Stocks:-877 PV:19,260,729 profitloss:-0.807393
[005380][Epoch 20/20000] #Buy:91 #Sell:152 #Hold:287 #Stocks:-802 PV:-1,152,211 profitloss:-1.011522
[005380][Epoch 21/20000] #Buy:149 #Sell:193 #Hold:209 #Stocks:-824 PV:-2,833,955 profitloss:-1.028340
[005380][Epoch 22/20000] #Buy:116 #Sell:170 #Hold:250 #Stocks:-789 PV:532,470 profitloss:-0.994675
[005380][Epoch 23/20000] #Buy:114 #Sell:171 #Hold:246 #Stocks:-848 PV:19,306,635 profitloss:-0.806934
[005380][Epoch 24/20000] #Buy:134 #Sell:182 #Hold:229 #Stocks:-862 PV:-9,090,430 profitloss:-1.090904
[005380][Epoch 25/20000] #Buy:126 #Sell:177 #Hold:240 #Stocks:-837 PV:-10,483,524 profitloss:-1.104835
[005380][Epoch 26/20000] #Buy:108 #Sell:164 #Hold:244 #Stocks:-761 PV:2,147,641 profitloss:-0.978524
[005380][Epoch 27/20000] #Buy:122 #Sell:176 #Hold:236 #Stocks:-804 PV:-1,339,570 profitloss:-1.013396
[005380][Epoch 28/20000] #Buy:125 #Sell:179 #Hold:226 #Stocks:-785 PV:4,901,694 profitloss:-0.950983
[005380][Epoch 29/20000] #Buy:133 #Sell:181 #Hold:244 #Stocks:-767 PV:2,244,604 profitloss:-0.977554
[005380][Epoch 30/20000] #Buy:117 #Sell:170 #Hold:251 #Stocks:-870 PV:-6,713,136 profitloss:-1.067131
[005380][Epoch 31/20000] #Buy:123 #Sell:175 #Hold:248 #Stocks:-817 PV:-2,774,080 profitloss:-1.027741
[005380][Epoch 32/20000] #Buy:111 #Sell:167 #Hold:252 #Stocks:-805 PV:-1,038,558 profitloss:-1.010386
[005380][Epoch 33/20000] #Buy:144 #Sell:189 #Hold:216 #Stocks:-810 PV:-865,759 profitloss:-1.008658
[005380][Epoch 34/20000] #Buy:123 #Sell:174 #Hold:259 #Stocks:-784 PV:1,964,772 profitloss:-0.980352
[005380][Epoch 35/20000] #Buy:104 #Sell:168 #Hold:242 #Stocks:-809 PV:-2,042,941 profitloss:-1.020429
[005380][Epoch 36/20000] #Buy:134 #Sell:185 #Hold:235 #Stocks:-821 PV:-984,039 profitloss:-1.009840
[005380][Epoch 37/20000] #Buy:147 #Sell:181 #Hold:236 #Stocks:-660 PV:17,173,616 profitloss:-0.828264
[005380][Epoch 38/20000] #Buy:118 #Sell:171 #Hold:251 #Stocks:-867 PV:-11,040,314 profitloss:-1.110403
[005380][Epoch 39/20000] #Buy:120 #Sell:172 #Hold:249 #Stocks:-833 PV:19,434,203 profitloss:-0.805658
[005380][Epoch 40/20000] #Buy:113 #Sell:162 #Hold:258 #Stocks:-802 PV:17,760,564 profitloss:-0.822394
[005380][Epoch 41/20000] #Buy:115 #Sell:169 #Hold:256 #Stocks:-836 PV:19,442,490 profitloss:-0.805575
[005380][Epoch 42/20000] #Buy:121 #Sell:174 #Hold:244 #Stocks:-872 PV:16,862,743 profitloss:-0.831373
[005380][Epoch 43/20000] #Buy:125 #Sell:182 #Hold:225 #Stocks:-877 PV:-11,349,025 profitloss:-1.113490
[005380][Epoch 44/20000] #Buy:134 #Sell:173 #Hold:246 #Stocks:-685 PV:3,799,768 profitloss:-0.962002
[005380][Epoch 45/20000] #Buy:125 #Sell:178 #Hold:241 #Stocks:-862 PV:-10,747,583 profitloss:-1.107476
[005380][Epoch 46/20000] #Buy:134 #Sell:184 #Hold:239 #Stocks:-788 PV:6,399,962 profitloss:-0.936000
[005380][Epoch 47/20000] #Buy:141 #Sell:189 #Hold:232 #Stocks:-764 PV:7,491,000 profitloss:-0.925090
[005380][Epoch 48/20000] #Buy:139 #Sell:188 #Hold:233 #Stocks:-763 PV:10,883,992 profitloss:-0.891160
[005380][Epoch 49/20000] #Buy:111 #Sell:165 #Hold:272 #Stocks:-846 PV:17,707,074 profitloss:-0.822929
[005380][Epoch 50/20000] #Buy:113 #Sell:167 #Hold:260 #Stocks:-806 PV:18,707,551 profitloss:-0.812924
[005380][Epoch 51/20000] #Buy:115 #Sell:166 #Hold:274 #Stocks:-778 PV:-3,706,358 profitloss:-1.037064
[005380][Epoch 52/20000] #Buy:119 #Sell:168 #Hold:275 #Stocks:-765 PV:7,267,700 profitloss:-0.927323
[005380][Epoch 53/20000] #Buy:109 #Sell:162 #Hold:253 #Stocks:-745 PV:-3,288,207 profitloss:-1.032882
[005380][Epoch 54/20000] #Buy:120 #Sell:173 #Hold:244 #Stocks:-792 PV:-2,701,769 profitloss:-1.027018
[005380][Epoch 55/20000] #Buy:111 #Sell:164 #Hold:280 #Stocks:-739 PV:6,242,655 profitloss:-0.937573
[005380][Epoch 56/20000] #Buy:118 #Sell:170 #Hold:252 #Stocks:-817 PV:19,253,127 profitloss:-0.807469
[005380][Epoch 57/20000] #Buy:106 #Sell:165 #Hold:255 #Stocks:-803 PV:19,296,027 profitloss:-0.807040
[005380][Epoch 58/20000] #Buy:109 #Sell:165 #Hold:254 #Stocks:-797 PV:-3,731,669 profitloss:-1.037317
[005380][Epoch 59/20000] #Buy:104 #Sell:159 #Hold:265 #Stocks:-810 PV:18,696,130 profitloss:-0.813039
[005380][Epoch 60/20000] #Buy:116 #Sell:167 #Hold:274 #Stocks:-731 PV:-1,568,280 profitloss:-1.015683
[005380][Epoch 61/20000] #Buy:128 #Sell:179 #Hold:244 #Stocks:-804 PV:-4,160,508 profitloss:-1.041605
[005380][Epoch 62/20000] #Buy:116 #Sell:166 #Hold:256 #Stocks:-733 PV:-2,063,652 profitloss:-1.020637
[005380][Epoch 63/20000] #Buy:112 #Sell:169 #Hold:245 #Stocks:-807 PV:-6,847,959 profitloss:-1.068480
[005380][Epoch 64/20000] #Buy:118 #Sell:167 #Hold:259 #Stocks:-800 PV:-6,378,366 profitloss:-1.063784
[005380][Epoch 65/20000] #Buy:115 #Sell:163 #Hold:274 #Stocks:-735 PV:-769,473 profitloss:-1.007695
[005380][Epoch 66/20000] #Buy:95 #Sell:157 #Hold:252 #Stocks:-808 PV:19,649,680 profitloss:-0.803503
[005380][Epoch 67/20000] #Buy:110 #Sell:164 #Hold:277 #Stocks:-824 PV:-7,691,750 profitloss:-1.076918
[005380][Epoch 68/20000] #Buy:110 #Sell:161 #Hold:276 #Stocks:-841 PV:17,291,767 profitloss:-0.827082
[005380][Epoch 69/20000] #Buy:125 #Sell:181 #Hold:232 #Stocks:-785 PV:19,782,033 profitloss:-0.802180
[005380][Epoch 70/20000] #Buy:116 #Sell:172 #Hold:276 #Stocks:-701 PV:13,282,580 profitloss:-0.867174
[005380][Epoch 71/20000] #Buy:109 #Sell:166 #Hold:246 #Stocks:-830 PV:19,325,442 profitloss:-0.806746
[005380][Epoch 72/20000] #Buy:111 #Sell:168 #Hold:254 #Stocks:-823 PV:19,031,750 profitloss:-0.809682
[005380][Epoch 73/20000] #Buy:116 #Sell:171 #Hold:255 #Stocks:-818 PV:-8,880,963 profitloss:-1.088810
[005380][Epoch 74/20000] #Buy:114 #Sell:167 #Hold:257 #Stocks:-811 PV:19,668,956 profitloss:-0.803310
[005380][Epoch 75/20000] #Buy:124 #Sell:176 #Hold:251 #Stocks:-801 PV:-4,284,095 profitloss:-1.042841
[005380][Epoch 76/20000] #Buy:127 #Sell:176 #Hold:257 #Stocks:-773 PV:3,748,269 profitloss:-0.962517
[005380][Epoch 77/20000] #Buy:110 #Sell:166 #Hold:275 #Stocks:-801 PV:-2,777,147 profitloss:-1.027771
[005380][Epoch 78/20000] #Buy:125 #Sell:175 #Hold:256 #Stocks:-738 PV:1,133,888 profitloss:-0.988661
[005380][Epoch 79/20000] #Buy:116 #Sell:172 #Hold:259 #Stocks:-818 PV:-8,410,353 profitloss:-1.084104
[005380][Epoch 80/20000] #Buy:119 #Sell:173 #Hold:247 #Stocks:-849 PV:18,120,685 profitloss:-0.818793
[005380][Epoch 81/20000] #Buy:108 #Sell:161 #Hold:278 #Stocks:-799 PV:16,236,376 profitloss:-0.837636
[005380][Epoch 82/20000] #Buy:129 #Sell:171 #Hold:264 #Stocks:-693 PV:3,760,798 profitloss:-0.962392
[005380][Epoch 83/20000] #Buy:107 #Sell:164 #Hold:279 #Stocks:-793 PV:-6,112,498 profitloss:-1.061125
[005380][Epoch 84/20000] #Buy:130 #Sell:182 #Hold:252 #Stocks:-758 PV:6,062,765 profitloss:-0.939372
[005380][Epoch 85/20000] #Buy:114 #Sell:171 #Hold:248 #Stocks:-827 PV:12,579,139 profitloss:-0.874209
[005380][Epoch 86/20000] #Buy:124 #Sell:179 #Hold:243 #Stocks:-827 PV:19,627,731 profitloss:-0.803723
[005380][Epoch 87/20000] #Buy:115 #Sell:171 #Hold:255 #Stocks:-839 PV:19,693,371 profitloss:-0.803066
[005380][Epoch 88/20000] #Buy:125 #Sell:176 #Hold:258 #Stocks:-780 PV:690,125 profitloss:-0.993099
[005380][Epoch 89/20000] #Buy:108 #Sell:166 #Hold:268 #Stocks:-855 PV:16,730,673 profitloss:-0.832693
[005380][Epoch 90/20000] #Buy:101 #Sell:160 #Hold:269 #Stocks:-837 PV:19,410,534 profitloss:-0.805895
[005380][Epoch 91/20000] #Buy:124 #Sell:177 #Hold:260 #Stocks:-733 PV:1,808,984 profitloss:-0.981910
[005380][Epoch 92/20000] #Buy:116 #Sell:170 #Hold:274 #Stocks:-761 PV:1,991,050 profitloss:-0.980089
[005380][Epoch 93/20000] #Buy:119 #Sell:176 #Hold:253 #Stocks:-817 PV:19,655,015 profitloss:-0.803450
[005380][Epoch 94/20000] #Buy:125 #Sell:180 #Hold:249 #Stocks:-783 PV:-5,503,810 profitloss:-1.055038
[005380][Epoch 95/20000] #Buy:107 #Sell:165 #Hold:285 #Stocks:-768 PV:-4,719,384 profitloss:-1.047194
[005380][Epoch 96/20000] #Buy:121 #Sell:177 #Hold:264 #Stocks:-725 PV:11,305,119 profitloss:-0.886949
[005380][Epoch 97/20000] #Buy:125 #Sell:179 #Hold:243 #Stocks:-807 PV:19,409,694 profitloss:-0.805903
[005380][Epoch 98/20000] #Buy:104 #Sell:159 #Hold:287 #Stocks:-801 PV:19,753,494 profitloss:-0.802465
[005380][Epoch 99/20000] #Buy:111 #Sell:169 #Hold:269 #Stocks:-853 PV:19,309,947 profitloss:-0.806901
[005380][Epoch 100/20000] #Buy:113 #Sell:168 #Hold:262 #Stocks:-828 PV:16,998,219 profitloss:-0.830018
[005380][Epoch 101/20000] #Buy:109 #Sell:165 #Hold:281 #Stocks:-794 PV:-3,704,867 profitloss:-1.037049
[005380][Epoch 102/20000] #Buy:122 #Sell:180 #Hold:243 #Stocks:-811 PV:19,947,368 profitloss:-0.800526
[005380][Epoch 103/20000] #Buy:117 #Sell:171 #Hold:273 #Stocks:-772 PV:-3,016,074 profitloss:-1.030161
[005380][Epoch 104/20000] #Buy:104 #Sell:165 #Hold:277 #Stocks:-783 PV:-6,160,956 profitloss:-1.061610
[005380][Epoch 105/20000] #Buy:113 #Sell:167 #Hold:269 #Stocks:-744 PV:19,084,293 profitloss:-0.809157
[005380][Epoch 106/20000] #Buy:114 #Sell:173 #Hold:270 #Stocks:-804 PV:-5,946,566 profitloss:-1.059466
[005380][Epoch 107/20000] #Buy:122 #Sell:164 #Hold:278 #Stocks:-736 PV:-436,025 profitloss:-1.004360
[005380][Epoch 108/20000] #Buy:110 #Sell:165 #Hold:280 #Stocks:-796 PV:18,767,001 profitloss:-0.812330
[005380][Epoch 109/20000] #Buy:126 #Sell:182 #Hold:256 #Stocks:-819 PV:-4,278,695 profitloss:-1.042787
[005380][Epoch 110/20000] #Buy:107 #Sell:169 #Hold:251 #Stocks:-820 PV:-7,430,582 profitloss:-1.074306
[005380][Epoch 111/20000] #Buy:100 #Sell:156 #Hold:285 #Stocks:-792 PV:17,682,540 profitloss:-0.823175
[005380][Epoch 112/20000] #Buy:110 #Sell:170 #Hold:250 #Stocks:-803 PV:19,634,615 profitloss:-0.803654
[005380][Epoch 113/20000] #Buy:110 #Sell:173 #Hold:280 #Stocks:-806 PV:-790,173 profitloss:-1.007902
[005380][Epoch 114/20000] #Buy:92 #Sell:153 #Hold:302 #Stocks:-845 PV:12,616,215 profitloss:-0.873838
[005380][Epoch 115/20000] #Buy:219 #Sell:264 #Hold:519 #Stocks:-619 PV:110,897,912 profitloss:0.108979
[005380][Epoch 116/20000] #Buy:110 #Sell:167 #Hold:287 #Stocks:-720 PV:2,131,351 profitloss:-0.978686
[005380][Epoch 117/20000] #Buy:104 #Sell:162 #Hold:250 #Stocks:-869 PV:19,602,544 profitloss:-0.803975
[005380][Epoch 118/20000] #Buy:104 #Sell:164 #Hold:274 #Stocks:-871 PV:17,227,926 profitloss:-0.827721
[005380][Epoch 119/20000] #Buy:97 #Sell:159 #Hold:299 #Stocks:-786 PV:-7,146,618 profitloss:-1.071466
[005380][Epoch 120/20000] #Buy:105 #Sell:162 #Hold:290 #Stocks:-744 PV:-5,921,278 profitloss:-1.059213
[005380][Epoch 121/20000] #Buy:116 #Sell:167 #Hold:281 #Stocks:-702 PV:7,653,935 profitloss:-0.923461
[005380][Epoch 122/20000] #Buy:114 #Sell:173 #Hold:263 #Stocks:-800 PV:-6,090,394 profitloss:-1.060904
[005380][Epoch 123/20000] #Buy:113 #Sell:173 #Hold:265 #Stocks:-811 PV:18,916,337 profitloss:-0.810837
[005380][Epoch 124/20000] #Buy:107 #Sell:169 #Hold:271 #Stocks:-804 PV:19,623,542 profitloss:-0.803765
[005380][Epoch 125/20000] #Buy:102 #Sell:159 #Hold:271 #Stocks:-852 PV:15,450,442 profitloss:-0.845496
[005380][Epoch 126/20000] #Buy:118 #Sell:171 #Hold:275 #Stocks:-772 PV:-3,974,841 profitloss:-1.039748
[005380][Epoch 127/20000] #Buy:107 #Sell:167 #Hold:285 #Stocks:-806 PV:-8,232,774 profitloss:-1.082328
[005380][Epoch 128/20000] #Buy:107 #Sell:169 #Hold:275 #Stocks:-818 PV:19,389,101 profitloss:-0.806109
[005380][Epoch 129/20000] #Buy:110 #Sell:173 #Hold:274 #Stocks:-765 PV:-3,149,033 profitloss:-1.031490
[005380][Epoch 130/20000] #Buy:103 #Sell:162 #Hold:276 #Stocks:-853 PV:16,128,848 profitloss:-0.838712
[005380][Epoch 131/20000] #Buy:109 #Sell:166 #Hold:262 #Stocks:-840 PV:15,353,569 profitloss:-0.846464
[005380][Epoch 132/20000] #Buy:119 #Sell:177 #Hold:257 #Stocks:-815 PV:19,665,579 profitloss:-0.803344
[005380][Epoch 133/20000] #Buy:110 #Sell:168 #Hold:286 #Stocks:-817 PV:-5,379,197 profitloss:-1.053792
[005380][Epoch 134/20000] #Buy:106 #Sell:161 #Hold:297 #Stocks:-765 PV:2,555,419 profitloss:-0.974446
[005380][Epoch 135/20000] #Buy:110 #Sell:165 #Hold:289 #Stocks:-787 PV:-6,817,615 profitloss:-1.068176
[005380][Epoch 136/20000] #Buy:128 #Sell:159 #Hold:278 #Stocks:-549 PV:15,934,616 profitloss:-0.840654
[005380][Epoch 137/20000] #Buy:106 #Sell:165 #Hold:278 #Stocks:-867 PV:15,850,793 profitloss:-0.841492
[005380][Epoch 138/20000] #Buy:111 #Sell:170 #Hold:269 #Stocks:-828 PV:-9,909,475 profitloss:-1.099095
[005380][Epoch 139/20000] #Buy:100 #Sell:162 #Hold:280 #Stocks:-847 PV:13,649,057 profitloss:-0.863509
[005380][Epoch 140/20000] #Buy:103 #Sell:162 #Hold:278 #Stocks:-848 PV:12,830,838 profitloss:-0.871692
[005380][Epoch 141/20000] #Buy:116 #Sell:170 #Hold:266 #Stocks:-836 PV:17,430,664 profitloss:-0.825693
[005380][Epoch 142/20000] #Buy:101 #Sell:159 #Hold:279 #Stocks:-869 PV:12,942,173 profitloss:-0.870578
[005380][Epoch 143/20000] #Buy:106 #Sell:165 #Hold:275 #Stocks:-826 PV:16,994,586 profitloss:-0.830054
[005380][Epoch 144/20000] #Buy:110 #Sell:162 #Hold:292 #Stocks:-741 PV:-858,652 profitloss:-1.008587
[005380][Epoch 145/20000] #Buy:128 #Sell:166 #Hold:270 #Stocks:-575 PV:17,521,683 profitloss:-0.824783
[005380][Epoch 146/20000] #Buy:111 #Sell:169 #Hold:256 #Stocks:-819 PV:19,237,689 profitloss:-0.807623
[005380][Epoch 147/20000] #Buy:118 #Sell:174 #Hold:257 #Stocks:-806 PV:18,080,792 profitloss:-0.819192
[005380][Epoch 148/20000] #Buy:97 #Sell:156 #Hold:292 #Stocks:-844 PV:13,505,913 profitloss:-0.864941
[005380][Epoch 149/20000] #Buy:119 #Sell:175 #Hold:270 #Stocks:-777 PV:-6,881,577 profitloss:-1.068816
[005380][Epoch 150/20000] #Buy:125 #Sell:173 #Hold:266 #Stocks:-681 PV:12,807,611 profitloss:-0.871924
[005380][Epoch 151/20000] #Buy:100 #Sell:158 #Hold:275 #Stocks:-853 PV:13,870,197 profitloss:-0.861298
[005380][Epoch 152/20000] #Buy:110 #Sell:161 #Hold:283 #Stocks:-793 PV:13,035,570 profitloss:-0.869644
[005380][Epoch 153/20000] #Buy:113 #Sell:173 #Hold:275 #Stocks:-814 PV:-8,987,304 profitloss:-1.089873
[005380][Epoch 154/20000] #Buy:106 #Sell:163 #Hold:280 #Stocks:-821 PV:18,791,164 profitloss:-0.812088
[005380][Epoch 155/20000] #Buy:96 #Sell:154 #Hold:292 #Stocks:-877 PV:12,149,703 profitloss:-0.878503
[005380][Epoch 156/20000] #Buy:106 #Sell:164 #Hold:267 #Stocks:-851 PV:15,436,169 profitloss:-0.845638
[005380][Epoch 157/20000] #Buy:110 #Sell:168 #Hold:286 #Stocks:-761 PV:-1,628,566 profitloss:-1.016286
[005380][Epoch 158/20000] #Buy:107 #Sell:162 #Hold:266 #Stocks:-867 PV:17,439,500 profitloss:-0.825605
[005380][Epoch 159/20000] #Buy:108 #Sell:162 #Hold:279 #Stocks:-845 PV:14,333,727 profitloss:-0.856663
[005380][Epoch 160/20000] #Buy:107 #Sell:164 #Hold:293 #Stocks:-794 PV:-5,819,428 profitloss:-1.058194
[005380][Epoch 161/20000] #Buy:104 #Sell:160 #Hold:277 #Stocks:-891 PV:14,143,311 profitloss:-0.858567
[005380][Epoch 162/20000] #Buy:106 #Sell:164 #Hold:293 #Stocks:-793 PV:-5,852,726 profitloss:-1.058527
[005380][Epoch 163/20000] #Buy:118 #Sell:170 #Hold:276 #Stocks:-740 PV:3,616,567 profitloss:-0.963834
[005380][Epoch 164/20000] #Buy:107 #Sell:162 #Hold:295 #Stocks:-766 PV:-4,836,275 profitloss:-1.048363
[005380][Epoch 165/20000] #Buy:104 #Sell:147 #Hold:313 #Stocks:-711 PV:2,163,064 profitloss:-0.978369
[005380][Epoch 166/20000] #Buy:97 #Sell:159 #Hold:267 #Stocks:-820 PV:-6,960,239 profitloss:-1.069602
[005380][Epoch 167/20000] #Buy:125 #Sell:160 #Hold:279 #Stocks:-625 PV:18,244,044 profitloss:-0.817560
[005380][Epoch 168/20000] #Buy:115 #Sell:164 #Hold:285 #Stocks:-726 PV:2,319,428 profitloss:-0.976806
[005380][Epoch 169/20000] #Buy:108 #Sell:165 #Hold:272 #Stocks:-855 PV:14,796,878 profitloss:-0.852031
[005380][Epoch 170/20000] #Buy:107 #Sell:154 #Hold:299 #Stocks:-747 PV:19,525,039 profitloss:-0.804750
[005380][Epoch 171/20000] #Buy:120 #Sell:166 #Hold:278 #Stocks:-737 PV:7,098,062 profitloss:-0.929019
[005380][Epoch 172/20000] #Buy:95 #Sell:151 #Hold:304 #Stocks:-866 PV:13,453,856 profitloss:-0.865461
[005380][Epoch 173/20000] #Buy:91 #Sell:147 #Hold:303 #Stocks:-851 PV:15,155,929 profitloss:-0.848441
[005380][Epoch 174/20000] #Buy:97 #Sell:157 #Hold:297 #Stocks:-832 PV:17,995,579 profitloss:-0.820044
[005380][Epoch 175/20000] #Buy:93 #Sell:154 #Hold:285 #Stocks:-876 PV:12,471,090 profitloss:-0.875289
[005380][Epoch 176/20000] #Buy:109 #Sell:162 #Hold:274 #Stocks:-818 PV:18,595,037 profitloss:-0.814050
[005380][Epoch 177/20000] #Buy:111 #Sell:152 #Hold:301 #Stocks:-617 PV:18,490,598 profitloss:-0.815094
[005380][Epoch 178/20000] #Buy:99 #Sell:157 #Hold:275 #Stocks:-843 PV:18,398,019 profitloss:-0.816020
[005380][Epoch 179/20000] #Buy:100 #Sell:161 #Hold:289 #Stocks:-871 PV:15,532,891 profitloss:-0.844671
[005380][Epoch 180/20000] #Buy:90 #Sell:149 #Hold:299 #Stocks:-842 PV:16,115,341 profitloss:-0.838847
[005380][Epoch 181/20000] #Buy:106 #Sell:162 #Hold:290 #Stocks:-763 PV:-7,381,830 profitloss:-1.073818
[005380][Epoch 182/20000] #Buy:103 #Sell:156 #Hold:305 #Stocks:-759 PV:-1,013,519 profitloss:-1.010135
[005380][Epoch 183/20000] #Buy:84 #Sell:149 #Hold:296 #Stocks:-811 PV:-9,036,043 profitloss:-1.090360
[005380][Epoch 184/20000] #Buy:99 #Sell:158 #Hold:298 #Stocks:-794 PV:19,458,982 profitloss:-0.805410
[005380][Epoch 185/20000] #Buy:103 #Sell:159 #Hold:293 #Stocks:-848 PV:16,529,519 profitloss:-0.834705
[005380][Epoch 186/20000] #Buy:125 #Sell:155 #Hold:285 #Stocks:-564 PV:11,092,882 profitloss:-0.889071
[005380][Epoch 187/20000] #Buy:91 #Sell:150 #Hold:301 #Stocks:-895 PV:11,391,980 profitloss:-0.886080
[005380][Epoch 188/20000] #Buy:90 #Sell:149 #Hold:285 #Stocks:-902 PV:18,853,598 profitloss:-0.811464
[005380][Epoch 189/20000] #Buy:92 #Sell:160 #Hold:269 #Stocks:-787 PV:-2,375,015 profitloss:-1.023750
[005380][Epoch 190/20000] #Buy:98 #Sell:151 #Hold:293 #Stocks:-833 PV:15,062,963 profitloss:-0.849370
